mode: set
github.com/go-i2p/go-i2p-bt/rpc/methods.go:30.57,34.2 1 0
github.com/go-i2p/go-i2p-bt/rpc/methods.go:37.84,40.16 2 0
github.com/go-i2p/go-i2p-bt/rpc/methods.go:40.16,42.54 1 0
github.com/go-i2p/go-i2p-bt/rpc/methods.go:42.54,44.26 1 0
github.com/go-i2p/go-i2p-bt/rpc/methods.go:44.26,48.26 2 0
github.com/go-i2p/go-i2p-bt/rpc/methods.go:48.26,53.6 2 0
github.com/go-i2p/go-i2p-bt/rpc/methods.go:55.4,58.5 1 0
github.com/go-i2p/go-i2p-bt/rpc/methods.go:61.3,64.4 1 0
github.com/go-i2p/go-i2p-bt/rpc/methods.go:68.2,72.8 2 0
github.com/go-i2p/go-i2p-bt/rpc/methods.go:76.84,79.16 2 0
github.com/go-i2p/go-i2p-bt/rpc/methods.go:79.16,84.3 1 0
github.com/go-i2p/go-i2p-bt/rpc/methods.go:86.2,90.25 3 0
github.com/go-i2p/go-i2p-bt/rpc/methods.go:90.25,92.17 2 0
github.com/go-i2p/go-i2p-bt/rpc/methods.go:92.17,95.12 2 0
github.com/go-i2p/go-i2p-bt/rpc/methods.go:98.3,101.26 2 0
github.com/go-i2p/go-i2p-bt/rpc/methods.go:101.26,103.4 1 0
github.com/go-i2p/go-i2p-bt/rpc/methods.go:105.3,105.39 1 0
github.com/go-i2p/go-i2p-bt/rpc/methods.go:108.2,112.22 2 0
github.com/go-i2p/go-i2p-bt/rpc/methods.go:112.22,114.3 1 0
github.com/go-i2p/go-i2p-bt/rpc/methods.go:116.2,116.22 1 0
github.com/go-i2p/go-i2p-bt/rpc/methods.go:120.67,122.16 2 0
github.com/go-i2p/go-i2p-bt/rpc/methods.go:122.16,127.3 1 0
github.com/go-i2p/go-i2p-bt/rpc/methods.go:129.2,129.25 1 0
github.com/go-i2p/go-i2p-bt/rpc/methods.go:129.25,130.52 1 0
github.com/go-i2p/go-i2p-bt/rpc/methods.go:130.52,135.4 1 0
github.com/go-i2p/go-i2p-bt/rpc/methods.go:138.2,138.12 1 0
github.com/go-i2p/go-i2p-bt/rpc/methods.go:142.70,146.2 1 0
github.com/go-i2p/go-i2p-bt/rpc/methods.go:149.66,151.16 2 0
github.com/go-i2p/go-i2p-bt/rpc/methods.go:151.16,156.3 1 0
github.com/go-i2p/go-i2p-bt/rpc/methods.go:158.2,158.25 1 0
github.com/go-i2p/go-i2p-bt/rpc/methods.go:158.25,159.51 1 0
github.com/go-i2p/go-i2p-bt/rpc/methods.go:159.51,164.4 1 0
github.com/go-i2p/go-i2p-bt/rpc/methods.go:167.2,167.12 1 0
github.com/go-i2p/go-i2p-bt/rpc/methods.go:171.68,173.16 2 0
github.com/go-i2p/go-i2p-bt/rpc/methods.go:173.16,178.3 1 0
github.com/go-i2p/go-i2p-bt/rpc/methods.go:182.2,182.25 1 0
github.com/go-i2p/go-i2p-bt/rpc/methods.go:182.25,184.17 2 0
github.com/go-i2p/go-i2p-bt/rpc/methods.go:184.17,185.12 1 0
github.com/go-i2p/go-i2p-bt/rpc/methods.go:189.3,189.42 1 0
github.com/go-i2p/go-i2p-bt/rpc/methods.go:192.2,192.12 1 0
github.com/go-i2p/go-i2p-bt/rpc/methods.go:196.68,198.16 2 0
github.com/go-i2p/go-i2p-bt/rpc/methods.go:198.16,203.3 1 0
github.com/go-i2p/go-i2p-bt/rpc/methods.go:205.2,205.25 1 0
github.com/go-i2p/go-i2p-bt/rpc/methods.go:205.25,206.74 1 0
github.com/go-i2p/go-i2p-bt/rpc/methods.go:206.74,211.4 1 0
github.com/go-i2p/go-i2p-bt/rpc/methods.go:214.2,214.12 1 0
github.com/go-i2p/go-i2p-bt/rpc/methods.go:218.65,220.16 2 0
github.com/go-i2p/go-i2p-bt/rpc/methods.go:220.16,225.3 1 0
github.com/go-i2p/go-i2p-bt/rpc/methods.go:228.2,228.25 1 0
github.com/go-i2p/go-i2p-bt/rpc/methods.go:228.25,230.17 2 0
github.com/go-i2p/go-i2p-bt/rpc/methods.go:230.17,231.12 1 0
github.com/go-i2p/go-i2p-bt/rpc/methods.go:235.3,235.33 1 0
github.com/go-i2p/go-i2p-bt/rpc/methods.go:235.34,238.4 0 0
github.com/go-i2p/go-i2p-bt/rpc/methods.go:240.3,240.31 1 0
github.com/go-i2p/go-i2p-bt/rpc/methods.go:240.31,242.46 1 0
github.com/go-i2p/go-i2p-bt/rpc/methods.go:242.46,243.45 1 0
github.com/go-i2p/go-i2p-bt/rpc/methods.go:243.45,245.6 1 0
github.com/go-i2p/go-i2p-bt/rpc/methods.go:249.3,249.33 1 0
github.com/go-i2p/go-i2p-bt/rpc/methods.go:249.33,251.48 1 0
github.com/go-i2p/go-i2p-bt/rpc/methods.go:251.48,252.45 1 0
github.com/go-i2p/go-i2p-bt/rpc/methods.go:252.45,254.6 1 0
github.com/go-i2p/go-i2p-bt/rpc/methods.go:258.3,258.32 1 0
github.com/go-i2p/go-i2p-bt/rpc/methods.go:258.32,259.47 1 0
github.com/go-i2p/go-i2p-bt/rpc/methods.go:259.47,260.49 1 0
github.com/go-i2p/go-i2p-bt/rpc/methods.go:260.49,262.6 1 0
github.com/go-i2p/go-i2p-bt/rpc/methods.go:266.3,266.34 1 0
github.com/go-i2p/go-i2p-bt/rpc/methods.go:266.34,267.49 1 0
github.com/go-i2p/go-i2p-bt/rpc/methods.go:267.49,268.49 1 0
github.com/go-i2p/go-i2p-bt/rpc/methods.go:268.49,270.6 1 0
github.com/go-i2p/go-i2p-bt/rpc/methods.go:274.3,274.31 1 0
github.com/go-i2p/go-i2p-bt/rpc/methods.go:274.31,275.46 1 0
github.com/go-i2p/go-i2p-bt/rpc/methods.go:275.46,276.49 1 0
github.com/go-i2p/go-i2p-bt/rpc/methods.go:276.49,278.6 1 0
github.com/go-i2p/go-i2p-bt/rpc/methods.go:282.3,282.29 1 0
github.com/go-i2p/go-i2p-bt/rpc/methods.go:282.29,284.4 1 0
github.com/go-i2p/go-i2p-bt/rpc/methods.go:286.3,286.28 1 0
github.com/go-i2p/go-i2p-bt/rpc/methods.go:286.28,288.4 1 0
github.com/go-i2p/go-i2p-bt/rpc/methods.go:290.3,290.26 1 0
github.com/go-i2p/go-i2p-bt/rpc/methods.go:290.26,292.4 1 0
github.com/go-i2p/go-i2p-bt/rpc/methods.go:294.3,294.24 1 0
github.com/go-i2p/go-i2p-bt/rpc/methods.go:294.25,296.4 0 0
github.com/go-i2p/go-i2p-bt/rpc/methods.go:299.2,299.12 1 0
github.com/go-i2p/go-i2p-bt/rpc/methods.go:303.63,358.2 3 0
github.com/go-i2p/go-i2p-bt/rpc/methods.go:361.62,365.29 2 0
github.com/go-i2p/go-i2p-bt/rpc/methods.go:365.29,367.3 1 0
github.com/go-i2p/go-i2p-bt/rpc/methods.go:368.2,368.32 1 0
github.com/go-i2p/go-i2p-bt/rpc/methods.go:368.32,370.3 1 0
github.com/go-i2p/go-i2p-bt/rpc/methods.go:371.2,371.27 1 0
github.com/go-i2p/go-i2p-bt/rpc/methods.go:371.27,373.3 1 0
github.com/go-i2p/go-i2p-bt/rpc/methods.go:374.2,374.33 1 0
github.com/go-i2p/go-i2p-bt/rpc/methods.go:374.33,376.3 1 0
github.com/go-i2p/go-i2p-bt/rpc/methods.go:377.2,377.29 1 0
github.com/go-i2p/go-i2p-bt/rpc/methods.go:377.29,379.3 1 0
github.com/go-i2p/go-i2p-bt/rpc/methods.go:380.2,380.28 1 0
github.com/go-i2p/go-i2p-bt/rpc/methods.go:380.28,382.3 1 0
github.com/go-i2p/go-i2p-bt/rpc/methods.go:383.2,383.20 1 0
github.com/go-i2p/go-i2p-bt/rpc/methods.go:383.20,385.3 1 0
github.com/go-i2p/go-i2p-bt/rpc/methods.go:386.2,386.28 1 0
github.com/go-i2p/go-i2p-bt/rpc/methods.go:386.28,388.3 1 0
github.com/go-i2p/go-i2p-bt/rpc/methods.go:389.2,389.37 1 0
github.com/go-i2p/go-i2p-bt/rpc/methods.go:389.37,391.3 1 0
github.com/go-i2p/go-i2p-bt/rpc/methods.go:392.2,392.34 1 0
github.com/go-i2p/go-i2p-bt/rpc/methods.go:392.34,394.3 1 0
github.com/go-i2p/go-i2p-bt/rpc/methods.go:395.2,395.27 1 0
github.com/go-i2p/go-i2p-bt/rpc/methods.go:395.27,397.3 1 0
github.com/go-i2p/go-i2p-bt/rpc/methods.go:398.2,398.33 1 0
github.com/go-i2p/go-i2p-bt/rpc/methods.go:398.33,400.3 1 0
github.com/go-i2p/go-i2p-bt/rpc/methods.go:401.2,401.40 1 0
github.com/go-i2p/go-i2p-bt/rpc/methods.go:401.40,403.3 1 0
github.com/go-i2p/go-i2p-bt/rpc/methods.go:404.2,404.20 1 0
github.com/go-i2p/go-i2p-bt/rpc/methods.go:404.20,406.3 1 0
github.com/go-i2p/go-i2p-bt/rpc/methods.go:407.2,407.32 1 0
github.com/go-i2p/go-i2p-bt/rpc/methods.go:407.32,409.3 1 0
github.com/go-i2p/go-i2p-bt/rpc/methods.go:410.2,410.36 1 0
github.com/go-i2p/go-i2p-bt/rpc/methods.go:410.36,412.3 1 0
github.com/go-i2p/go-i2p-bt/rpc/methods.go:413.2,413.25 1 0
github.com/go-i2p/go-i2p-bt/rpc/methods.go:413.25,415.3 1 0
github.com/go-i2p/go-i2p-bt/rpc/methods.go:416.2,416.20 1 0
github.com/go-i2p/go-i2p-bt/rpc/methods.go:416.20,418.3 1 0
github.com/go-i2p/go-i2p-bt/rpc/methods.go:419.2,419.33 1 0
github.com/go-i2p/go-i2p-bt/rpc/methods.go:419.33,421.3 1 0
github.com/go-i2p/go-i2p-bt/rpc/methods.go:422.2,422.30 1 0
github.com/go-i2p/go-i2p-bt/rpc/methods.go:422.30,424.3 1 0
github.com/go-i2p/go-i2p-bt/rpc/methods.go:425.2,425.31 1 0
github.com/go-i2p/go-i2p-bt/rpc/methods.go:425.31,427.3 1 0
github.com/go-i2p/go-i2p-bt/rpc/methods.go:428.2,428.33 1 0
github.com/go-i2p/go-i2p-bt/rpc/methods.go:428.33,430.3 1 0
github.com/go-i2p/go-i2p-bt/rpc/methods.go:431.2,431.31 1 0
github.com/go-i2p/go-i2p-bt/rpc/methods.go:431.31,433.3 1 0
github.com/go-i2p/go-i2p-bt/rpc/methods.go:434.2,434.38 1 0
github.com/go-i2p/go-i2p-bt/rpc/methods.go:434.38,436.3 1 0
github.com/go-i2p/go-i2p-bt/rpc/methods.go:437.2,437.29 1 0
github.com/go-i2p/go-i2p-bt/rpc/methods.go:437.29,439.3 1 0
github.com/go-i2p/go-i2p-bt/rpc/methods.go:440.2,440.36 1 0
github.com/go-i2p/go-i2p-bt/rpc/methods.go:440.36,442.3 1 0
github.com/go-i2p/go-i2p-bt/rpc/methods.go:443.2,443.35 1 0
github.com/go-i2p/go-i2p-bt/rpc/methods.go:443.35,445.3 1 0
github.com/go-i2p/go-i2p-bt/rpc/methods.go:446.2,446.20 1 0
github.com/go-i2p/go-i2p-bt/rpc/methods.go:446.20,448.3 1 0
github.com/go-i2p/go-i2p-bt/rpc/methods.go:451.2,451.62 1 0
github.com/go-i2p/go-i2p-bt/rpc/methods.go:451.62,456.3 1 0
github.com/go-i2p/go-i2p-bt/rpc/methods.go:458.2,458.12 1 0
github.com/go-i2p/go-i2p-bt/rpc/methods.go:462.69,488.2 2 0
github.com/go-i2p/go-i2p-bt/rpc/methods.go:493.80,500.32 5 0
github.com/go-i2p/go-i2p-bt/rpc/methods.go:500.32,513.32 3 0
github.com/go-i2p/go-i2p-bt/rpc/methods.go:513.32,515.4 1 0
github.com/go-i2p/go-i2p-bt/rpc/methods.go:516.3,516.28 1 0
github.com/go-i2p/go-i2p-bt/rpc/methods.go:516.28,518.4 1 0
github.com/go-i2p/go-i2p-bt/rpc/methods.go:522.2,523.32 2 0
github.com/go-i2p/go-i2p-bt/rpc/methods.go:523.32,532.3 1 0
github.com/go-i2p/go-i2p-bt/rpc/methods.go:535.2,537.45 3 0
github.com/go-i2p/go-i2p-bt/rpc/methods.go:537.45,551.3 2 0
github.com/go-i2p/go-i2p-bt/rpc/methods.go:554.2,556.26 3 0
github.com/go-i2p/go-i2p-bt/rpc/methods.go:556.26,559.3 2 0
github.com/go-i2p/go-i2p-bt/rpc/methods.go:561.2,562.19 2 0
github.com/go-i2p/go-i2p-bt/rpc/methods.go:562.19,564.3 1 0
github.com/go-i2p/go-i2p-bt/rpc/methods.go:567.2,568.27 2 0
github.com/go-i2p/go-i2p-bt/rpc/methods.go:568.27,571.3 2 0
github.com/go-i2p/go-i2p-bt/rpc/methods.go:573.2,610.3 1 0
github.com/go-i2p/go-i2p-bt/rpc/methods.go:614.84,621.31 2 0
github.com/go-i2p/go-i2p-bt/rpc/methods.go:621.31,622.16 1 0
github.com/go-i2p/go-i2p-bt/rpc/methods.go:623.13,624.28 1 0
github.com/go-i2p/go-i2p-bt/rpc/methods.go:625.21,626.44 1 0
github.com/go-i2p/go-i2p-bt/rpc/methods.go:627.15,628.32 1 0
github.com/go-i2p/go-i2p-bt/rpc/methods.go:629.17,630.36 1 0
github.com/go-i2p/go-i2p-bt/rpc/methods.go:631.20,632.42 1 0
github.com/go-i2p/go-i2p-bt/rpc/methods.go:633.20,634.42 1 0
github.com/go-i2p/go-i2p-bt/rpc/methods.go:635.23,636.48 1 0
github.com/go-i2p/go-i2p-bt/rpc/methods.go:637.22,638.46 1 0
github.com/go-i2p/go-i2p-bt/rpc/methods.go:639.16,640.34 1 0
github.com/go-i2p/go-i2p-bt/rpc/methods.go:641.20,642.42 1 0
github.com/go-i2p/go-i2p-bt/rpc/methods.go:643.21,644.44 1 0
github.com/go-i2p/go-i2p-bt/rpc/methods.go:645.17,646.36 1 0
github.com/go-i2p/go-i2p-bt/rpc/methods.go:647.19,648.40 1 0
github.com/go-i2p/go-i2p-bt/rpc/methods.go:649.23,650.48 1 0
github.com/go-i2p/go-i2p-bt/rpc/methods.go:651.16,652.34 1 0
github.com/go-i2p/go-i2p-bt/rpc/methods.go:653.20,654.42 1 0
github.com/go-i2p/go-i2p-bt/rpc/methods.go:655.24,656.50 1 0
github.com/go-i2p/go-i2p-bt/rpc/methods.go:657.22,658.46 1 0
github.com/go-i2p/go-i2p-bt/rpc/methods.go:659.23,660.48 1 0
github.com/go-i2p/go-i2p-bt/rpc/methods.go:661.25,662.52 1 0
github.com/go-i2p/go-i2p-bt/rpc/methods.go:663.20,664.42 1 0
github.com/go-i2p/go-i2p-bt/rpc/methods.go:665.23,666.48 1 0
github.com/go-i2p/go-i2p-bt/rpc/methods.go:667.21,668.44 1 0
github.com/go-i2p/go-i2p-bt/rpc/methods.go:669.23,670.48 1 0
github.com/go-i2p/go-i2p-bt/rpc/methods.go:671.22,672.46 1 0
github.com/go-i2p/go-i2p-bt/rpc/methods.go:673.25,674.52 1 0
github.com/go-i2p/go-i2p-bt/rpc/methods.go:675.24,676.50 1 0
github.com/go-i2p/go-i2p-bt/rpc/methods.go:677.30,678.62 1 0
github.com/go-i2p/go-i2p-bt/rpc/methods.go:679.17,680.36 1 0
github.com/go-i2p/go-i2p-bt/rpc/methods.go:681.21,682.44 1 0
github.com/go-i2p/go-i2p-bt/rpc/methods.go:683.21,684.44 1 0
github.com/go-i2p/go-i2p-bt/rpc/methods.go:685.20,686.42 1 0
github.com/go-i2p/go-i2p-bt/rpc/methods.go:687.20,688.42 1 0
github.com/go-i2p/go-i2p-bt/rpc/methods.go:689.21,690.44 1 0
github.com/go-i2p/go-i2p-bt/rpc/methods.go:691.34,692.70 1 0
github.com/go-i2p/go-i2p-bt/rpc/methods.go:693.28,694.58 1 0
github.com/go-i2p/go-i2p-bt/rpc/methods.go:698.2,698.17 1 0
github.com/go-i2p/go-i2p-bt/rpc/methods.go:703.42,704.27 1 0
github.com/go-i2p/go-i2p-bt/rpc/methods.go:704.27,706.17 2 0
github.com/go-i2p/go-i2p-bt/rpc/methods.go:706.17,708.4 1 0
github.com/go-i2p/go-i2p-bt/rpc/methods.go:710.2,710.35 1 0
github.com/go-i2p/go-i2p-bt/rpc/methods.go:713.53,714.86 1 0
github.com/go-i2p/go-i2p-bt/rpc/methods.go:714.86,716.3 1 0
github.com/go-i2p/go-i2p-bt/rpc/methods.go:717.2,717.24 1 0
github.com/go-i2p/go-i2p-bt/rpc/methods.go:720.57,721.21 1 0
github.com/go-i2p/go-i2p-bt/rpc/methods.go:721.21,723.3 1 0
github.com/go-i2p/go-i2p-bt/rpc/methods.go:724.2,724.48 1 0
github.com/go-i2p/go-i2p-bt/rpc/methods.go:727.55,728.27 1 0
github.com/go-i2p/go-i2p-bt/rpc/methods.go:728.27,730.3 1 0
github.com/go-i2p/go-i2p-bt/rpc/methods.go:731.2,731.47 1 0
github.com/go-i2p/go-i2p-bt/rpc/methods.go:731.47,733.3 1 0
github.com/go-i2p/go-i2p-bt/rpc/methods.go:734.2,734.12 1 0
github.com/go-i2p/go-i2p-bt/rpc/methods.go:740.105,741.16 1 0
github.com/go-i2p/go-i2p-bt/rpc/methods.go:742.21,743.60 1 0
github.com/go-i2p/go-i2p-bt/rpc/methods.go:743.60,745.55 2 0
github.com/go-i2p/go-i2p-bt/rpc/methods.go:745.55,747.5 1 0
github.com/go-i2p/go-i2p-bt/rpc/methods.go:748.4,748.28 1 0
github.com/go-i2p/go-i2p-bt/rpc/methods.go:751.21,752.60 1 0
github.com/go-i2p/go-i2p-bt/rpc/methods.go:752.60,754.55 2 0
github.com/go-i2p/go-i2p-bt/rpc/methods.go:754.55,756.5 1 0
github.com/go-i2p/go-i2p-bt/rpc/methods.go:757.4,757.28 1 0
github.com/go-i2p/go-i2p-bt/rpc/methods.go:760.23,761.60 1 0
github.com/go-i2p/go-i2p-bt/rpc/methods.go:761.60,763.55 2 0
github.com/go-i2p/go-i2p-bt/rpc/methods.go:763.55,765.5 1 0
github.com/go-i2p/go-i2p-bt/rpc/methods.go:766.4,766.35 1 0
github.com/go-i2p/go-i2p-bt/rpc/methods.go:769.27,770.60 1 0
github.com/go-i2p/go-i2p-bt/rpc/methods.go:770.60,772.55 2 0
github.com/go-i2p/go-i2p-bt/rpc/methods.go:772.55,774.5 1 0
github.com/go-i2p/go-i2p-bt/rpc/methods.go:775.4,775.38 1 0
github.com/go-i2p/go-i2p-bt/rpc/methods.go:778.22,779.60 1 0
github.com/go-i2p/go-i2p-bt/rpc/methods.go:779.60,781.55 2 0
github.com/go-i2p/go-i2p-bt/rpc/methods.go:781.55,783.5 1 0
github.com/go-i2p/go-i2p-bt/rpc/methods.go:784.4,784.34 1 0
github.com/go-i2p/go-i2p-bt/rpc/methods.go:787.24,788.60 1 0
github.com/go-i2p/go-i2p-bt/rpc/methods.go:788.60,790.55 2 0
github.com/go-i2p/go-i2p-bt/rpc/methods.go:790.55,792.5 1 0
github.com/go-i2p/go-i2p-bt/rpc/methods.go:793.4,793.36 1 0
github.com/go-i2p/go-i2p-bt/rpc/methods.go:796.24,797.60 1 0
github.com/go-i2p/go-i2p-bt/rpc/methods.go:797.60,799.55 2 0
github.com/go-i2p/go-i2p-bt/rpc/methods.go:799.55,801.5 1 0
github.com/go-i2p/go-i2p-bt/rpc/methods.go:802.4,802.36 1 0
github.com/go-i2p/go-i2p-bt/rpc/methods.go:805.21,806.60 1 0
github.com/go-i2p/go-i2p-bt/rpc/methods.go:806.60,808.55 2 0
github.com/go-i2p/go-i2p-bt/rpc/methods.go:808.55,810.5 1 0
github.com/go-i2p/go-i2p-bt/rpc/methods.go:811.4,811.33 1 0
github.com/go-i2p/go-i2p-bt/rpc/methods.go:814.21,815.60 1 0
github.com/go-i2p/go-i2p-bt/rpc/methods.go:815.60,817.4 1 0
github.com/go-i2p/go-i2p-bt/rpc/methods.go:819.21,820.60 1 0
github.com/go-i2p/go-i2p-bt/rpc/methods.go:820.60,822.55 2 0
github.com/go-i2p/go-i2p-bt/rpc/methods.go:822.55,824.5 1 0
github.com/go-i2p/go-i2p-bt/rpc/methods.go:825.4,825.33 1 0
github.com/go-i2p/go-i2p-bt/rpc/methods.go:828.23,829.60 1 0
github.com/go-i2p/go-i2p-bt/rpc/methods.go:829.60,831.4 1 0
github.com/go-i2p/go-i2p-bt/rpc/methods.go:833.10,834.20 1 0
github.com/go-i2p/go-i2p-bt/rpc/methods.go:839.53,853.2 1 0
github.com/go-i2p/go-i2p-bt/rpc/server.go:74.54,75.34 1 0
github.com/go-i2p/go-i2p-bt/rpc/server.go:75.34,77.3 1 0
github.com/go-i2p/go-i2p-bt/rpc/server.go:79.2,79.28 1 0
github.com/go-i2p/go-i2p-bt/rpc/server.go:79.28,81.3 1 0
github.com/go-i2p/go-i2p-bt/rpc/server.go:83.2,83.29 1 0
github.com/go-i2p/go-i2p-bt/rpc/server.go:83.29,84.63 1 0
github.com/go-i2p/go-i2p-bt/rpc/server.go:84.64,86.4 0 0
github.com/go-i2p/go-i2p-bt/rpc/server.go:89.2,89.37 1 0
github.com/go-i2p/go-i2p-bt/rpc/server.go:89.37,91.3 1 0
github.com/go-i2p/go-i2p-bt/rpc/server.go:93.2,93.29 1 0
github.com/go-i2p/go-i2p-bt/rpc/server.go:93.29,95.3 1 0
github.com/go-i2p/go-i2p-bt/rpc/server.go:97.2,97.30 1 0
github.com/go-i2p/go-i2p-bt/rpc/server.go:97.30,99.3 1 0
github.com/go-i2p/go-i2p-bt/rpc/server.go:101.2,101.32 1 0
github.com/go-i2p/go-i2p-bt/rpc/server.go:101.32,103.3 1 0
github.com/go-i2p/go-i2p-bt/rpc/server.go:105.2,112.20 2 0
github.com/go-i2p/go-i2p-bt/rpc/server.go:116.68,124.27 3 0
github.com/go-i2p/go-i2p-bt/rpc/server.go:124.27,127.3 2 0
github.com/go-i2p/go-i2p-bt/rpc/server.go:130.2,130.24 1 0
github.com/go-i2p/go-i2p-bt/rpc/server.go:130.24,133.3 2 0
github.com/go-i2p/go-i2p-bt/rpc/server.go:136.2,137.56 2 0
github.com/go-i2p/go-i2p-bt/rpc/server.go:137.56,140.3 2 0
github.com/go-i2p/go-i2p-bt/rpc/server.go:143.2,143.47 1 0
github.com/go-i2p/go-i2p-bt/rpc/server.go:143.47,146.3 2 0
github.com/go-i2p/go-i2p-bt/rpc/server.go:149.2,150.16 2 0
github.com/go-i2p/go-i2p-bt/rpc/server.go:150.16,153.3 2 0
github.com/go-i2p/go-i2p-bt/rpc/server.go:156.2,157.54 2 0
github.com/go-i2p/go-i2p-bt/rpc/server.go:157.54,160.3 2 0
github.com/go-i2p/go-i2p-bt/rpc/server.go:163.2,163.29 1 0
github.com/go-i2p/go-i2p-bt/rpc/server.go:163.29,166.3 2 0
github.com/go-i2p/go-i2p-bt/rpc/server.go:169.2,169.21 1 0
github.com/go-i2p/go-i2p-bt/rpc/server.go:169.21,172.3 2 0
github.com/go-i2p/go-i2p-bt/rpc/server.go:175.2,175.44 1 0
github.com/go-i2p/go-i2p-bt/rpc/server.go:175.44,176.30 1 0
github.com/go-i2p/go-i2p-bt/rpc/server.go:176.30,181.4 3 0
github.com/go-i2p/go-i2p-bt/rpc/server.go:185.2,185.36 1 0
github.com/go-i2p/go-i2p-bt/rpc/server.go:189.93,198.13 3 0
github.com/go-i2p/go-i2p-bt/rpc/server.go:198.13,205.3 3 0
github.com/go-i2p/go-i2p-bt/rpc/server.go:208.2,209.26 2 0
github.com/go-i2p/go-i2p-bt/rpc/server.go:209.26,211.17 2 0
github.com/go-i2p/go-i2p-bt/rpc/server.go:211.17,218.4 3 0
github.com/go-i2p/go-i2p-bt/rpc/server.go:219.3,219.23 1 0
github.com/go-i2p/go-i2p-bt/rpc/server.go:223.2,227.16 4 0
github.com/go-i2p/go-i2p-bt/rpc/server.go:227.16,228.40 1 0
github.com/go-i2p/go-i2p-bt/rpc/server.go:228.40,230.4 1 0
github.com/go-i2p/go-i2p-bt/rpc/server.go:230.9,235.4 1 0
github.com/go-i2p/go-i2p-bt/rpc/server.go:236.8,238.3 1 0
github.com/go-i2p/go-i2p-bt/rpc/server.go:241.2,241.48 1 0
github.com/go-i2p/go-i2p-bt/rpc/server.go:245.155,253.12 3 0
github.com/go-i2p/go-i2p-bt/rpc/server.go:253.12,256.3 2 0
github.com/go-i2p/go-i2p-bt/rpc/server.go:258.2,258.9 1 0
github.com/go-i2p/go-i2p-bt/rpc/server.go:259.20,263.4 1 0
github.com/go-i2p/go-i2p-bt/rpc/server.go:264.27,265.27 1 0
github.com/go-i2p/go-i2p-bt/rpc/server.go:270.50,271.56 1 0
github.com/go-i2p/go-i2p-bt/rpc/server.go:271.56,273.3 1 0
github.com/go-i2p/go-i2p-bt/rpc/server.go:275.2,276.9 2 0
github.com/go-i2p/go-i2p-bt/rpc/server.go:276.9,278.3 1 0
github.com/go-i2p/go-i2p-bt/rpc/server.go:280.2,280.71 1 0
github.com/go-i2p/go-i2p-bt/rpc/server.go:284.58,292.2 5 0
github.com/go-i2p/go-i2p-bt/rpc/server.go:295.60,308.2 2 0
github.com/go-i2p/go-i2p-bt/rpc/server.go:311.75,313.18 2 0
github.com/go-i2p/go-i2p-bt/rpc/server.go:313.18,315.3 1 0
github.com/go-i2p/go-i2p-bt/rpc/server.go:317.2,321.31 4 0
github.com/go-i2p/go-i2p-bt/rpc/server.go:321.31,323.3 1 0
github.com/go-i2p/go-i2p-bt/rpc/server.go:327.92,337.2 2 0
github.com/go-i2p/go-i2p-bt/rpc/server.go:340.88,344.56 3 0
github.com/go-i2p/go-i2p-bt/rpc/server.go:344.56,346.3 1 0
github.com/go-i2p/go-i2p-bt/rpc/server.go:350.37,356.2 4 0
github.com/go-i2p/go-i2p-bt/rpc/server.go:359.40,364.2 3 0
github.com/go-i2p/go-i2p-bt/rpc/server.go:367.52,374.2 1 0
github.com/go-i2p/go-i2p-bt/rpc/server.go:377.54,379.36 1 0
github.com/go-i2p/go-i2p-bt/rpc/server.go:379.36,381.3 1 0
github.com/go-i2p/go-i2p-bt/rpc/server.go:382.2,382.12 1 0
github.com/go-i2p/go-i2p-bt/rpc/server.go:388.33,391.2 1 0
github.com/go-i2p/go-i2p-bt/rpc/server.go:396.102,397.71 1 0
github.com/go-i2p/go-i2p-bt/rpc/server.go:397.71,407.3 5 0
github.com/go-i2p/go-i2p-bt/rpc/server.go:411.103,412.71 1 0
github.com/go-i2p/go-i2p-bt/rpc/server.go:412.71,413.16 1 0
github.com/go-i2p/go-i2p-bt/rpc/server.go:413.16,414.36 1 0
github.com/go-i2p/go-i2p-bt/rpc/server.go:414.36,428.5 5 0
github.com/go-i2p/go-i2p-bt/rpc/server.go:431.3,431.26 1 0
github.com/go-i2p/go-i2p-bt/rpc/server.go:436.78,444.71 2 0
github.com/go-i2p/go-i2p-bt/rpc/server.go:444.71,447.40 3 0
github.com/go-i2p/go-i2p-bt/rpc/server.go:447.40,450.4 2 0
github.com/go-i2p/go-i2p-bt/rpc/server.go:452.3,452.36 1 0
github.com/go-i2p/go-i2p-bt/rpc/server.go:452.36,466.4 6 0
github.com/go-i2p/go-i2p-bt/rpc/server.go:468.3,471.26 3 0
github.com/go-i2p/go-i2p-bt/rpc/server.go:481.49,484.2 2 0
github.com/go-i2p/go-i2p-bt/rpc/server.go:489.59,499.16 3 0
github.com/go-i2p/go-i2p-bt/rpc/server.go:499.16,501.3 1 0
github.com/go-i2p/go-i2p-bt/rpc/server.go:503.2,507.32 2 0
github.com/go-i2p/go-i2p-bt/rpc/server.go:511.81,521.16 3 0
github.com/go-i2p/go-i2p-bt/rpc/server.go:521.16,523.3 1 0
github.com/go-i2p/go-i2p-bt/rpc/server.go:525.2,531.32 2 0
github.com/go-i2p/go-i2p-bt/rpc/server.go:535.53,545.2 3 0
github.com/go-i2p/go-i2p-bt/rpc/torrent_manager.go:100.78,101.28 1 1
github.com/go-i2p/go-i2p-bt/rpc/torrent_manager.go:101.28,103.3 1 0
github.com/go-i2p/go-i2p-bt/rpc/torrent_manager.go:105.2,105.30 1 1
github.com/go-i2p/go-i2p-bt/rpc/torrent_manager.go:105.30,107.3 1 0
github.com/go-i2p/go-i2p-bt/rpc/torrent_manager.go:109.2,109.29 1 1
github.com/go-i2p/go-i2p-bt/rpc/torrent_manager.go:109.29,111.3 1 0
github.com/go-i2p/go-i2p-bt/rpc/torrent_manager.go:113.2,113.33 1 1
github.com/go-i2p/go-i2p-bt/rpc/torrent_manager.go:113.33,115.3 1 0
github.com/go-i2p/go-i2p-bt/rpc/torrent_manager.go:117.2,117.37 1 1
github.com/go-i2p/go-i2p-bt/rpc/torrent_manager.go:117.37,119.3 1 0
github.com/go-i2p/go-i2p-bt/rpc/torrent_manager.go:121.2,121.26 1 1
github.com/go-i2p/go-i2p-bt/rpc/torrent_manager.go:121.26,123.3 1 1
github.com/go-i2p/go-i2p-bt/rpc/torrent_manager.go:126.2,126.40 1 1
github.com/go-i2p/go-i2p-bt/rpc/torrent_manager.go:126.40,147.3 1 0
github.com/go-i2p/go-i2p-bt/rpc/torrent_manager.go:149.2,162.37 3 1
github.com/go-i2p/go-i2p-bt/rpc/torrent_manager.go:162.37,165.17 3 1
github.com/go-i2p/go-i2p-bt/rpc/torrent_manager.go:165.17,168.4 1 0
github.com/go-i2p/go-i2p-bt/rpc/torrent_manager.go:168.9,184.4 5 1
github.com/go-i2p/go-i2p-bt/rpc/torrent_manager.go:188.2,191.25 2 1
github.com/go-i2p/go-i2p-bt/rpc/torrent_manager.go:191.25,192.58 1 1
github.com/go-i2p/go-i2p-bt/rpc/torrent_manager.go:192.58,196.18 2 0
github.com/go-i2p/go-i2p-bt/rpc/torrent_manager.go:196.18,198.5 1 0
github.com/go-i2p/go-i2p-bt/rpc/torrent_manager.go:203.2,206.16 3 1
github.com/go-i2p/go-i2p-bt/rpc/torrent_manager.go:210.41,213.26 2 1
github.com/go-i2p/go-i2p-bt/rpc/torrent_manager.go:213.26,215.3 1 1
github.com/go-i2p/go-i2p-bt/rpc/torrent_manager.go:217.2,217.25 1 1
github.com/go-i2p/go-i2p-bt/rpc/torrent_manager.go:217.25,219.3 1 1
github.com/go-i2p/go-i2p-bt/rpc/torrent_manager.go:221.2,221.23 1 1
github.com/go-i2p/go-i2p-bt/rpc/torrent_manager.go:221.23,223.3 1 1
github.com/go-i2p/go-i2p-bt/rpc/torrent_manager.go:225.2,225.12 1 1
github.com/go-i2p/go-i2p-bt/rpc/torrent_manager.go:229.71,232.2 1 0
github.com/go-i2p/go-i2p-bt/rpc/torrent_manager.go:235.72,242.38 4 0
github.com/go-i2p/go-i2p-bt/rpc/torrent_manager.go:242.38,243.47 1 0
github.com/go-i2p/go-i2p-bt/rpc/torrent_manager.go:243.47,245.49 1 0
github.com/go-i2p/go-i2p-bt/rpc/torrent_manager.go:245.49,248.5 1 0
github.com/go-i2p/go-i2p-bt/rpc/torrent_manager.go:249.4,249.9 1 0
github.com/go-i2p/go-i2p-bt/rpc/torrent_manager.go:255.84,260.47 3 1
github.com/go-i2p/go-i2p-bt/rpc/torrent_manager.go:260.47,262.3 1 1
github.com/go-i2p/go-i2p-bt/rpc/torrent_manager.go:264.2,268.24 3 1
github.com/go-i2p/go-i2p-bt/rpc/torrent_manager.go:268.24,271.17 2 1
github.com/go-i2p/go-i2p-bt/rpc/torrent_manager.go:271.17,273.4 1 0
github.com/go-i2p/go-i2p-bt/rpc/torrent_manager.go:276.3,277.17 2 1
github.com/go-i2p/go-i2p-bt/rpc/torrent_manager.go:277.17,279.4 1 0
github.com/go-i2p/go-i2p-bt/rpc/torrent_manager.go:281.3,281.33 1 1
github.com/go-i2p/go-i2p-bt/rpc/torrent_manager.go:283.8,283.31 1 1
github.com/go-i2p/go-i2p-bt/rpc/torrent_manager.go:283.31,286.17 2 1
github.com/go-i2p/go-i2p-bt/rpc/torrent_manager.go:286.17,288.4 1 0
github.com/go-i2p/go-i2p-bt/rpc/torrent_manager.go:290.3,290.29 1 1
github.com/go-i2p/go-i2p-bt/rpc/torrent_manager.go:295.8,297.3 1 0
github.com/go-i2p/go-i2p-bt/rpc/torrent_manager.go:300.2,300.39 1 1
github.com/go-i2p/go-i2p-bt/rpc/torrent_manager.go:300.39,301.36 1 1
github.com/go-i2p/go-i2p-bt/rpc/torrent_manager.go:301.36,303.4 1 0
github.com/go-i2p/go-i2p-bt/rpc/torrent_manager.go:307.2,311.23 4 1
github.com/go-i2p/go-i2p-bt/rpc/torrent_manager.go:311.23,313.3 1 1
github.com/go-i2p/go-i2p-bt/rpc/torrent_manager.go:315.2,330.16 2 1
github.com/go-i2p/go-i2p-bt/rpc/torrent_manager.go:330.16,332.3 1 1
github.com/go-i2p/go-i2p-bt/rpc/torrent_manager.go:332.8,333.22 1 0
github.com/go-i2p/go-i2p-bt/rpc/torrent_manager.go:333.22,335.4 1 0
github.com/go-i2p/go-i2p-bt/rpc/torrent_manager.go:335.9,337.4 1 0
github.com/go-i2p/go-i2p-bt/rpc/torrent_manager.go:341.2,341.21 1 1
github.com/go-i2p/go-i2p-bt/rpc/torrent_manager.go:341.21,343.17 2 1
github.com/go-i2p/go-i2p-bt/rpc/torrent_manager.go:343.17,348.36 4 1
github.com/go-i2p/go-i2p-bt/rpc/torrent_manager.go:348.36,358.5 3 1
github.com/go-i2p/go-i2p-bt/rpc/torrent_manager.go:361.4,362.39 2 1
github.com/go-i2p/go-i2p-bt/rpc/torrent_manager.go:362.39,364.5 1 1
github.com/go-i2p/go-i2p-bt/rpc/torrent_manager.go:369.2,372.56 2 1
github.com/go-i2p/go-i2p-bt/rpc/torrent_manager.go:372.56,374.3 1 0
github.com/go-i2p/go-i2p-bt/rpc/torrent_manager.go:374.8,374.28 1 1
github.com/go-i2p/go-i2p-bt/rpc/torrent_manager.go:374.28,377.3 1 1
github.com/go-i2p/go-i2p-bt/rpc/torrent_manager.go:379.2,381.26 2 1
github.com/go-i2p/go-i2p-bt/rpc/torrent_manager.go:385.71,390.13 4 1
github.com/go-i2p/go-i2p-bt/rpc/torrent_manager.go:390.13,392.3 1 1
github.com/go-i2p/go-i2p-bt/rpc/torrent_manager.go:394.2,394.21 1 1
github.com/go-i2p/go-i2p-bt/rpc/torrent_manager.go:398.80,402.38 3 1
github.com/go-i2p/go-i2p-bt/rpc/torrent_manager.go:402.38,403.43 1 1
github.com/go-i2p/go-i2p-bt/rpc/torrent_manager.go:403.43,405.4 1 1
github.com/go-i2p/go-i2p-bt/rpc/torrent_manager.go:408.2,408.64 1 0
github.com/go-i2p/go-i2p-bt/rpc/torrent_manager.go:412.60,417.38 4 1
github.com/go-i2p/go-i2p-bt/rpc/torrent_manager.go:417.38,419.3 1 1
github.com/go-i2p/go-i2p-bt/rpc/torrent_manager.go:421.2,421.17 1 1
github.com/go-i2p/go-i2p-bt/rpc/torrent_manager.go:425.56,430.13 4 1
github.com/go-i2p/go-i2p-bt/rpc/torrent_manager.go:430.13,432.3 1 1
github.com/go-i2p/go-i2p-bt/rpc/torrent_manager.go:434.2,434.90 1 1
github.com/go-i2p/go-i2p-bt/rpc/torrent_manager.go:434.90,436.3 1 0
github.com/go-i2p/go-i2p-bt/rpc/torrent_manager.go:438.2,443.12 4 1
github.com/go-i2p/go-i2p-bt/rpc/torrent_manager.go:447.55,452.13 4 1
github.com/go-i2p/go-i2p-bt/rpc/torrent_manager.go:452.13,454.3 1 1
github.com/go-i2p/go-i2p-bt/rpc/torrent_manager.go:456.2,460.12 2 1
github.com/go-i2p/go-i2p-bt/rpc/torrent_manager.go:464.74,469.13 4 1
github.com/go-i2p/go-i2p-bt/rpc/torrent_manager.go:469.13,471.3 1 1
github.com/go-i2p/go-i2p-bt/rpc/torrent_manager.go:474.2,483.12 4 1
github.com/go-i2p/go-i2p-bt/rpc/torrent_manager.go:487.67,492.2 3 1
github.com/go-i2p/go-i2p-bt/rpc/torrent_manager.go:495.82,500.53 3 1
github.com/go-i2p/go-i2p-bt/rpc/torrent_manager.go:500.53,502.3 1 1
github.com/go-i2p/go-i2p-bt/rpc/torrent_manager.go:504.2,508.12 2 1
github.com/go-i2p/go-i2p-bt/rpc/torrent_manager.go:514.63,518.29 2 1
github.com/go-i2p/go-i2p-bt/rpc/torrent_manager.go:518.29,523.26 3 0
github.com/go-i2p/go-i2p-bt/rpc/torrent_manager.go:523.26,525.4 1 0
github.com/go-i2p/go-i2p-bt/rpc/torrent_manager.go:525.9,527.4 1 0
github.com/go-i2p/go-i2p-bt/rpc/torrent_manager.go:529.3,529.9 1 0
github.com/go-i2p/go-i2p-bt/rpc/torrent_manager.go:533.2,537.34 3 1
github.com/go-i2p/go-i2p-bt/rpc/torrent_manager.go:537.34,539.3 1 1
github.com/go-i2p/go-i2p-bt/rpc/torrent_manager.go:542.2,542.25 1 1
github.com/go-i2p/go-i2p-bt/rpc/torrent_manager.go:542.25,544.3 1 0
github.com/go-i2p/go-i2p-bt/rpc/torrent_manager.go:548.66,552.66 2 0
github.com/go-i2p/go-i2p-bt/rpc/torrent_manager.go:552.66,553.23 1 0
github.com/go-i2p/go-i2p-bt/rpc/torrent_manager.go:553.23,556.4 2 0
github.com/go-i2p/go-i2p-bt/rpc/torrent_manager.go:558.3,558.21 1 0
github.com/go-i2p/go-i2p-bt/rpc/torrent_manager.go:558.21,561.4 2 0
github.com/go-i2p/go-i2p-bt/rpc/torrent_manager.go:563.3,563.28 1 0
github.com/go-i2p/go-i2p-bt/rpc/torrent_manager.go:563.28,567.31 2 0
github.com/go-i2p/go-i2p-bt/rpc/torrent_manager.go:567.31,568.39 1 0
github.com/go-i2p/go-i2p-bt/rpc/torrent_manager.go:568.39,569.44 1 0
github.com/go-i2p/go-i2p-bt/rpc/torrent_manager.go:569.44,571.7 1 0
github.com/go-i2p/go-i2p-bt/rpc/torrent_manager.go:573.10,576.5 1 0
github.com/go-i2p/go-i2p-bt/rpc/torrent_manager.go:577.9,579.4 1 0
github.com/go-i2p/go-i2p-bt/rpc/torrent_manager.go:584.97,589.2 2 0
github.com/go-i2p/go-i2p-bt/rpc/torrent_manager.go:592.69,597.49 2 1
github.com/go-i2p/go-i2p-bt/rpc/torrent_manager.go:597.49,602.3 1 1
github.com/go-i2p/go-i2p-bt/rpc/torrent_manager.go:606.95,612.29 4 0
github.com/go-i2p/go-i2p-bt/rpc/torrent_manager.go:612.29,619.3 2 0
github.com/go-i2p/go-i2p-bt/rpc/torrent_manager.go:622.2,623.41 2 0
github.com/go-i2p/go-i2p-bt/rpc/torrent_manager.go:623.41,626.3 2 0
github.com/go-i2p/go-i2p-bt/rpc/torrent_manager.go:628.2,628.35 1 0
github.com/go-i2p/go-i2p-bt/rpc/torrent_manager.go:628.35,630.26 2 0
github.com/go-i2p/go-i2p-bt/rpc/torrent_manager.go:630.26,632.4 1 0
github.com/go-i2p/go-i2p-bt/rpc/torrent_manager.go:635.2,636.52 1 0
github.com/go-i2p/go-i2p-bt/rpc/torrent_manager.go:640.56,641.6 1 1
github.com/go-i2p/go-i2p-bt/rpc/torrent_manager.go:641.6,642.10 1 1
github.com/go-i2p/go-i2p-bt/rpc/torrent_manager.go:643.24,644.10 1 1
github.com/go-i2p/go-i2p-bt/rpc/torrent_manager.go:645.47,646.41 1 0
github.com/go-i2p/go-i2p-bt/rpc/torrent_manager.go:652.89,658.32 4 0
github.com/go-i2p/go-i2p-bt/rpc/torrent_manager.go:658.32,659.38 1 0
github.com/go-i2p/go-i2p-bt/rpc/torrent_manager.go:659.38,661.9 2 0
github.com/go-i2p/go-i2p-bt/rpc/torrent_manager.go:665.2,665.20 1 0
github.com/go-i2p/go-i2p-bt/rpc/torrent_manager.go:665.20,668.3 2 0
github.com/go-i2p/go-i2p-bt/rpc/torrent_manager.go:671.2,672.85 2 0
github.com/go-i2p/go-i2p-bt/rpc/torrent_manager.go:672.85,675.3 2 0
github.com/go-i2p/go-i2p-bt/rpc/torrent_manager.go:678.2,678.65 1 0
github.com/go-i2p/go-i2p-bt/rpc/torrent_manager.go:678.65,681.3 2 0
github.com/go-i2p/go-i2p-bt/rpc/torrent_manager.go:683.2,687.16 3 0
github.com/go-i2p/go-i2p-bt/rpc/torrent_manager.go:687.16,690.3 2 0
github.com/go-i2p/go-i2p-bt/rpc/torrent_manager.go:692.2,696.34 4 0
github.com/go-i2p/go-i2p-bt/rpc/torrent_manager.go:696.34,706.3 3 0
github.com/go-i2p/go-i2p-bt/rpc/torrent_manager.go:709.2,714.29 3 0
github.com/go-i2p/go-i2p-bt/rpc/torrent_manager.go:718.48,722.6 3 1
github.com/go-i2p/go-i2p-bt/rpc/torrent_manager.go:722.6,723.10 1 1
github.com/go-i2p/go-i2p-bt/rpc/torrent_manager.go:724.24,725.10 1 1
github.com/go-i2p/go-i2p-bt/rpc/torrent_manager.go:726.19,727.20 1 0
github.com/go-i2p/go-i2p-bt/rpc/torrent_manager.go:733.41,740.38 3 0
github.com/go-i2p/go-i2p-bt/rpc/torrent_manager.go:740.38,742.91 1 0
github.com/go-i2p/go-i2p-bt/rpc/torrent_manager.go:742.92,745.4 0 0
github.com/go-i2p/go-i2p-bt/rpc/torrent_manager.go:752.81,753.19 1 1
github.com/go-i2p/go-i2p-bt/rpc/torrent_manager.go:753.19,759.31 4 1
github.com/go-i2p/go-i2p-bt/rpc/torrent_manager.go:759.31,761.4 1 1
github.com/go-i2p/go-i2p-bt/rpc/torrent_manager.go:762.3,762.21 1 1
github.com/go-i2p/go-i2p-bt/rpc/torrent_manager.go:765.2,767.25 2 1
github.com/go-i2p/go-i2p-bt/rpc/torrent_manager.go:767.25,768.25 1 1
github.com/go-i2p/go-i2p-bt/rpc/torrent_manager.go:769.16,771.37 1 1
github.com/go-i2p/go-i2p-bt/rpc/torrent_manager.go:772.14,773.30 1 0
github.com/go-i2p/go-i2p-bt/rpc/torrent_manager.go:774.12,775.37 1 0
github.com/go-i2p/go-i2p-bt/rpc/torrent_manager.go:776.15,777.30 1 1
github.com/go-i2p/go-i2p-bt/rpc/torrent_manager.go:777.30,781.5 2 0
github.com/go-i2p/go-i2p-bt/rpc/torrent_manager.go:781.10,784.19 2 1
github.com/go-i2p/go-i2p-bt/rpc/torrent_manager.go:784.19,786.6 1 0
github.com/go-i2p/go-i2p-bt/rpc/torrent_manager.go:787.5,787.40 1 1
github.com/go-i2p/go-i2p-bt/rpc/torrent_manager.go:789.11,790.61 1 0
github.com/go-i2p/go-i2p-bt/rpc/torrent_manager.go:794.2,794.20 1 1
github.com/go-i2p/go-i2p-bt/rpc/torrent_manager.go:798.63,805.38 5 0
github.com/go-i2p/go-i2p-bt/rpc/torrent_manager.go:805.38,808.91 1 0
github.com/go-i2p/go-i2p-bt/rpc/torrent_manager.go:808.91,810.4 1 0
github.com/go-i2p/go-i2p-bt/rpc/torrent_manager.go:810.9,810.76 1 0
github.com/go-i2p/go-i2p-bt/rpc/torrent_manager.go:810.76,812.4 1 0
github.com/go-i2p/go-i2p-bt/rpc/torrent_manager.go:815.2,815.15 1 0
github.com/go-i2p/go-i2p-bt/rpc/torrent_manager.go:821.57,826.13 4 1
github.com/go-i2p/go-i2p-bt/rpc/torrent_manager.go:826.13,828.3 1 1
github.com/go-i2p/go-i2p-bt/rpc/torrent_manager.go:830.2,830.29 1 1
github.com/go-i2p/go-i2p-bt/rpc/torrent_manager.go:830.29,832.3 1 0
github.com/go-i2p/go-i2p-bt/rpc/torrent_manager.go:834.2,838.12 4 1
github.com/go-i2p/go-i2p-bt/rpc/torrent_manager.go:842.69,844.16 2 1
github.com/go-i2p/go-i2p-bt/rpc/torrent_manager.go:844.16,848.3 3 0
github.com/go-i2p/go-i2p-bt/rpc/torrent_manager.go:850.2,858.35 6 1
github.com/go-i2p/go-i2p-bt/rpc/torrent_manager.go:858.35,861.17 3 1
github.com/go-i2p/go-i2p-bt/rpc/torrent_manager.go:861.17,863.12 2 1
github.com/go-i2p/go-i2p-bt/rpc/torrent_manager.go:866.3,867.15 2 0
github.com/go-i2p/go-i2p-bt/rpc/torrent_manager.go:867.15,870.4 2 0
github.com/go-i2p/go-i2p-bt/rpc/torrent_manager.go:874.2,883.35 6 1
github.com/go-i2p/go-i2p-bt/rpc/torrent_manager.go:883.35,886.3 2 0
github.com/go-i2p/go-i2p-bt/rpc/torrent_manager.go:886.8,886.31 1 1
github.com/go-i2p/go-i2p-bt/rpc/torrent_manager.go:886.31,892.3 2 0
github.com/go-i2p/go-i2p-bt/rpc/torrent_manager.go:892.8,895.3 2 1
github.com/go-i2p/go-i2p-bt/rpc/torrent_manager.go:899.98,902.16 2 1
github.com/go-i2p/go-i2p-bt/rpc/torrent_manager.go:902.16,904.3 1 0
github.com/go-i2p/go-i2p-bt/rpc/torrent_manager.go:907.2,911.16 3 1
github.com/go-i2p/go-i2p-bt/rpc/torrent_manager.go:911.16,913.3 1 1
github.com/go-i2p/go-i2p-bt/rpc/torrent_manager.go:916.2,916.43 1 0
github.com/go-i2p/go-i2p-bt/rpc/torrent_manager.go:916.43,918.3 1 0
github.com/go-i2p/go-i2p-bt/rpc/torrent_manager.go:921.2,924.50 3 0
github.com/go-i2p/go-i2p-bt/rpc/torrent_manager.go:928.126,930.16 2 1
github.com/go-i2p/go-i2p-bt/rpc/torrent_manager.go:930.16,932.3 1 0
github.com/go-i2p/go-i2p-bt/rpc/torrent_manager.go:934.2,942.34 6 1
github.com/go-i2p/go-i2p-bt/rpc/torrent_manager.go:942.34,947.44 3 1
github.com/go-i2p/go-i2p-bt/rpc/torrent_manager.go:947.44,950.12 2 0
github.com/go-i2p/go-i2p-bt/rpc/torrent_manager.go:953.3,953.47 1 1
github.com/go-i2p/go-i2p-bt/rpc/torrent_manager.go:953.47,955.9 1 0
github.com/go-i2p/go-i2p-bt/rpc/torrent_manager.go:959.3,960.34 2 1
github.com/go-i2p/go-i2p-bt/rpc/torrent_manager.go:960.34,962.4 1 0
github.com/go-i2p/go-i2p-bt/rpc/torrent_manager.go:964.3,966.53 3 1
github.com/go-i2p/go-i2p-bt/rpc/torrent_manager.go:966.53,968.4 1 0
github.com/go-i2p/go-i2p-bt/rpc/torrent_manager.go:971.3,972.17 2 1
github.com/go-i2p/go-i2p-bt/rpc/torrent_manager.go:972.17,975.4 1 1
github.com/go-i2p/go-i2p-bt/rpc/torrent_manager.go:978.3,980.28 3 0
github.com/go-i2p/go-i2p-bt/rpc/torrent_manager.go:983.2,983.34 1 0
github.com/go-i2p/go-i2p-bt/rpc/torrent_manager.go:987.98,989.16 2 1
github.com/go-i2p/go-i2p-bt/rpc/torrent_manager.go:989.16,991.3 1 1
github.com/go-i2p/go-i2p-bt/rpc/torrent_manager.go:992.2,994.59 2 0
github.com/go-i2p/go-i2p-bt/rpc/torrent_manager.go:994.59,996.3 1 0
github.com/go-i2p/go-i2p-bt/rpc/torrent_manager.go:998.2,1000.46 3 0
github.com/go-i2p/go-i2p-bt/rpc/torrent_manager.go:1000.46,1002.3 1 0
github.com/go-i2p/go-i2p-bt/rpc/torrent_manager.go:1004.2,1004.22 1 0
github.com/go-i2p/go-i2p-bt/rpc/torrent_manager.go:1008.113,1011.34 2 1
github.com/go-i2p/go-i2p-bt/rpc/torrent_manager.go:1011.34,1017.32 4 1
github.com/go-i2p/go-i2p-bt/rpc/torrent_manager.go:1017.32,1020.4 1 0
github.com/go-i2p/go-i2p-bt/rpc/torrent_manager.go:1020.9,1020.40 1 1
github.com/go-i2p/go-i2p-bt/rpc/torrent_manager.go:1020.40,1023.4 1 0
github.com/go-i2p/go-i2p-bt/rpc/torrent_manager.go:1027.3,1027.29 1 1
github.com/go-i2p/go-i2p-bt/rpc/torrent_manager.go:1027.29,1029.4 1 1
github.com/go-i2p/go-i2p-bt/rpc/torrent_manager.go:1031.3,1031.31 1 1
github.com/go-i2p/go-i2p-bt/rpc/types.go:53.35,55.2 1 0
github.com/go-i2p/go-i2p-bt/rpc/types.go:523.49,538.2 2 0
github.com/go-i2p/go-i2p-bt/rpc/types.go:540.52,551.51 3 0
github.com/go-i2p/go-i2p-bt/rpc/types.go:551.51,553.3 1 0
github.com/go-i2p/go-i2p-bt/rpc/types.go:554.2,558.12 5 0
