mode: set
github.com/go-i2p/go-i2p-bt/rpc/bandwidth_limiter.go:30.83,40.38 3 1
github.com/go-i2p/go-i2p-bt/rpc/bandwidth_limiter.go:40.38,43.3 2 0
github.com/go-i2p/go-i2p-bt/rpc/bandwidth_limiter.go:45.2,45.16 1 1
github.com/go-i2p/go-i2p-bt/rpc/bandwidth_limiter.go:50.49,51.46 1 0
github.com/go-i2p/go-i2p-bt/rpc/bandwidth_limiter.go:51.46,55.3 3 0
github.com/go-i2p/go-i2p-bt/rpc/bandwidth_limiter.go:57.2,66.30 6 0
github.com/go-i2p/go-i2p-bt/rpc/bandwidth_limiter.go:66.30,68.3 1 0
github.com/go-i2p/go-i2p-bt/rpc/bandwidth_limiter.go:70.2,70.19 1 0
github.com/go-i2p/go-i2p-bt/rpc/bandwidth_limiter.go:75.83,80.46 3 0
github.com/go-i2p/go-i2p-bt/rpc/bandwidth_limiter.go:80.46,82.3 1 0
github.com/go-i2p/go-i2p-bt/rpc/bandwidth_limiter.go:85.2,85.16 1 0
github.com/go-i2p/go-i2p-bt/rpc/bandwidth_limiter.go:85.16,87.3 1 0
github.com/go-i2p/go-i2p-bt/rpc/bandwidth_limiter.go:90.2,93.24 2 0
github.com/go-i2p/go-i2p-bt/rpc/bandwidth_limiter.go:93.24,96.3 2 0
github.com/go-i2p/go-i2p-bt/rpc/bandwidth_limiter.go:99.2,106.9 4 0
github.com/go-i2p/go-i2p-bt/rpc/bandwidth_limiter.go:107.20,108.19 1 0
github.com/go-i2p/go-i2p-bt/rpc/bandwidth_limiter.go:109.30,111.13 1 0
github.com/go-i2p/go-i2p-bt/rpc/bandwidth_limiter.go:116.88,126.2 6 0
github.com/go-i2p/go-i2p-bt/rpc/bandwidth_limiter.go:129.88,133.2 3 0
github.com/go-i2p/go-i2p-bt/rpc/bandwidth_limiter.go:136.81,142.2 4 0
github.com/go-i2p/go-i2p-bt/rpc/bandwidth_limiter.go:151.73,156.2 1 1
github.com/go-i2p/go-i2p-bt/rpc/bandwidth_limiter.go:159.85,161.2 1 0
github.com/go-i2p/go-i2p-bt/rpc/bandwidth_limiter.go:164.83,166.2 1 0
github.com/go-i2p/go-i2p-bt/rpc/bandwidth_limiter.go:169.78,172.2 2 0
github.com/go-i2p/go-i2p-bt/rpc/bandwidth_limiter.go:175.101,179.2 3 0
github.com/go-i2p/go-i2p-bt/rpc/bandwidth_limiter.go:182.45,187.34 4 0
github.com/go-i2p/go-i2p-bt/rpc/bandwidth_limiter.go:187.34,189.3 1 0
github.com/go-i2p/go-i2p-bt/rpc/bandwidth_limiter.go:191.2,192.30 2 0
github.com/go-i2p/go-i2p-bt/rpc/bandwidth_limiter.go:192.30,194.3 1 0
github.com/go-i2p/go-i2p-bt/rpc/bandwidth_limiter.go:196.2,196.80 1 0
github.com/go-i2p/go-i2p-bt/rpc/blocklist.go:42.46,48.2 1 1
github.com/go-i2p/go-i2p-bt/rpc/blocklist.go:51.54,55.2 3 1
github.com/go-i2p/go-i2p-bt/rpc/blocklist.go:58.46,62.2 3 0
github.com/go-i2p/go-i2p-bt/rpc/blocklist.go:65.54,69.19 3 0
github.com/go-i2p/go-i2p-bt/rpc/blocklist.go:69.19,71.3 1 0
github.com/go-i2p/go-i2p-bt/rpc/blocklist.go:73.2,78.29 4 0
github.com/go-i2p/go-i2p-bt/rpc/blocklist.go:78.29,79.13 1 0
github.com/go-i2p/go-i2p-bt/rpc/blocklist.go:79.13,80.38 1 0
github.com/go-i2p/go-i2p-bt/rpc/blocklist.go:80.38,83.5 1 0
github.com/go-i2p/go-i2p-bt/rpc/blocklist.go:87.2,87.12 1 0
github.com/go-i2p/go-i2p-bt/rpc/blocklist.go:91.45,95.2 3 0
github.com/go-i2p/go-i2p-bt/rpc/blocklist.go:98.45,100.2 1 0
github.com/go-i2p/go-i2p-bt/rpc/blocklist.go:104.55,106.21 1 0
github.com/go-i2p/go-i2p-bt/rpc/blocklist.go:106.21,108.3 1 0
github.com/go-i2p/go-i2p-bt/rpc/blocklist.go:110.2,111.21 2 0
github.com/go-i2p/go-i2p-bt/rpc/blocklist.go:111.21,113.3 1 0
github.com/go-i2p/go-i2p-bt/rpc/blocklist.go:115.2,119.38 3 0
github.com/go-i2p/go-i2p-bt/rpc/blocklist.go:119.38,120.38 1 0
github.com/go-i2p/go-i2p-bt/rpc/blocklist.go:120.38,122.4 1 0
github.com/go-i2p/go-i2p-bt/rpc/blocklist.go:125.2,125.14 1 0
github.com/go-i2p/go-i2p-bt/rpc/blocklist.go:130.44,137.15 6 0
github.com/go-i2p/go-i2p-bt/rpc/blocklist.go:137.15,139.3 1 0
github.com/go-i2p/go-i2p-bt/rpc/blocklist.go:142.2,143.16 2 0
github.com/go-i2p/go-i2p-bt/rpc/blocklist.go:143.16,145.3 1 0
github.com/go-i2p/go-i2p-bt/rpc/blocklist.go:147.2,147.24 1 0
github.com/go-i2p/go-i2p-bt/rpc/blocklist.go:147.24,149.3 1 0
github.com/go-i2p/go-i2p-bt/rpc/blocklist.go:150.2,150.16 1 0
github.com/go-i2p/go-i2p-bt/rpc/blocklist.go:150.16,152.3 1 0
github.com/go-i2p/go-i2p-bt/rpc/blocklist.go:154.2,155.16 2 0
github.com/go-i2p/go-i2p-bt/rpc/blocklist.go:155.16,157.3 1 0
github.com/go-i2p/go-i2p-bt/rpc/blocklist.go:158.2,161.47 2 0
github.com/go-i2p/go-i2p-bt/rpc/blocklist.go:161.47,166.3 4 0
github.com/go-i2p/go-i2p-bt/rpc/blocklist.go:168.2,168.38 1 0
github.com/go-i2p/go-i2p-bt/rpc/blocklist.go:168.38,170.3 1 0
github.com/go-i2p/go-i2p-bt/rpc/blocklist.go:173.2,174.16 2 0
github.com/go-i2p/go-i2p-bt/rpc/blocklist.go:174.16,176.3 1 0
github.com/go-i2p/go-i2p-bt/rpc/blocklist.go:179.2,187.12 8 0
github.com/go-i2p/go-i2p-bt/rpc/blocklist.go:192.76,196.21 3 0
github.com/go-i2p/go-i2p-bt/rpc/blocklist.go:196.21,198.49 2 0
github.com/go-i2p/go-i2p-bt/rpc/blocklist.go:198.49,199.12 1 0
github.com/go-i2p/go-i2p-bt/rpc/blocklist.go:203.3,203.34 1 0
github.com/go-i2p/go-i2p-bt/rpc/blocklist.go:203.34,205.18 2 0
github.com/go-i2p/go-i2p-bt/rpc/blocklist.go:205.18,208.13 3 0
github.com/go-i2p/go-i2p-bt/rpc/blocklist.go:213.3,213.65 1 0
github.com/go-i2p/go-i2p-bt/rpc/blocklist.go:213.65,215.23 2 0
github.com/go-i2p/go-i2p-bt/rpc/blocklist.go:215.23,217.41 2 0
github.com/go-i2p/go-i2p-bt/rpc/blocklist.go:217.41,219.30 2 0
github.com/go-i2p/go-i2p-bt/rpc/blocklist.go:219.30,222.37 3 0
github.com/go-i2p/go-i2p-bt/rpc/blocklist.go:222.37,224.16 2 0
github.com/go-i2p/go-i2p-bt/rpc/blocklist.go:232.3,233.16 2 0
github.com/go-i2p/go-i2p-bt/rpc/blocklist.go:233.16,235.4 1 0
github.com/go-i2p/go-i2p-bt/rpc/blocklist.go:238.2,238.38 1 0
github.com/go-i2p/go-i2p-bt/rpc/blocklist.go:238.38,240.3 1 0
github.com/go-i2p/go-i2p-bt/rpc/blocklist.go:243.2,243.41 1 0
github.com/go-i2p/go-i2p-bt/rpc/blocklist.go:243.41,245.3 1 0
github.com/go-i2p/go-i2p-bt/rpc/blocklist.go:247.2,247.20 1 0
github.com/go-i2p/go-i2p-bt/rpc/blocklist.go:251.75,258.32 5 0
github.com/go-i2p/go-i2p-bt/rpc/blocklist.go:258.32,259.20 1 0
github.com/go-i2p/go-i2p-bt/rpc/blocklist.go:259.20,261.4 1 0
github.com/go-i2p/go-i2p-bt/rpc/blocklist.go:264.2,264.19 1 0
github.com/go-i2p/go-i2p-bt/rpc/blocklist.go:268.66,270.54 1 0
github.com/go-i2p/go-i2p-bt/rpc/blocklist.go:270.54,272.41 1 0
github.com/go-i2p/go-i2p-bt/rpc/blocklist.go:272.41,274.4 1 0
github.com/go-i2p/go-i2p-bt/rpc/blocklist.go:274.9,274.48 1 0
github.com/go-i2p/go-i2p-bt/rpc/blocklist.go:274.48,276.17 2 0
github.com/go-i2p/go-i2p-bt/rpc/blocklist.go:276.17,278.5 1 0
github.com/go-i2p/go-i2p-bt/rpc/blocklist.go:279.9,281.4 1 0
github.com/go-i2p/go-i2p-bt/rpc/blocklist.go:284.2,284.73 1 0
github.com/go-i2p/go-i2p-bt/rpc/blocklist.go:289.57,291.22 1 0
github.com/go-i2p/go-i2p-bt/rpc/blocklist.go:291.22,292.34 1 0
github.com/go-i2p/go-i2p-bt/rpc/blocklist.go:292.34,294.4 1 0
github.com/go-i2p/go-i2p-bt/rpc/blocklist.go:294.9,294.41 1 0
github.com/go-i2p/go-i2p-bt/rpc/blocklist.go:294.41,296.4 1 0
github.com/go-i2p/go-i2p-bt/rpc/blocklist.go:299.2,299.44 1 0
github.com/go-i2p/go-i2p-bt/rpc/blocklist.go:299.44,300.18 1 0
github.com/go-i2p/go-i2p-bt/rpc/blocklist.go:300.18,302.4 1 0
github.com/go-i2p/go-i2p-bt/rpc/blocklist.go:303.3,303.18 1 0
github.com/go-i2p/go-i2p-bt/rpc/blocklist.go:303.18,305.4 1 0
github.com/go-i2p/go-i2p-bt/rpc/blocklist.go:308.2,308.21 1 0
github.com/go-i2p/go-i2p-bt/rpc/blocklist.go:308.21,310.3 1 0
github.com/go-i2p/go-i2p-bt/rpc/blocklist.go:311.2,311.21 1 0
github.com/go-i2p/go-i2p-bt/rpc/blocklist.go:311.21,313.3 1 0
github.com/go-i2p/go-i2p-bt/rpc/blocklist.go:315.2,315.10 1 0
github.com/go-i2p/go-i2p-bt/rpc/blocklist.go:319.56,323.2 3 0
github.com/go-i2p/go-i2p-bt/rpc/file_manager.go:30.36,34.2 1 0
github.com/go-i2p/go-i2p-bt/rpc/file_manager.go:38.57,40.2 1 0
github.com/go-i2p/go-i2p-bt/rpc/file_manager.go:57.111,59.46 1 0
github.com/go-i2p/go-i2p-bt/rpc/file_manager.go:59.46,61.3 1 0
github.com/go-i2p/go-i2p-bt/rpc/file_manager.go:64.2,64.51 1 0
github.com/go-i2p/go-i2p-bt/rpc/file_manager.go:64.51,66.3 1 0
github.com/go-i2p/go-i2p-bt/rpc/file_manager.go:69.2,70.62 2 0
github.com/go-i2p/go-i2p-bt/rpc/file_manager.go:70.62,72.3 1 0
github.com/go-i2p/go-i2p-bt/rpc/file_manager.go:75.2,81.18 3 0
github.com/go-i2p/go-i2p-bt/rpc/file_manager.go:81.18,83.3 1 0
github.com/go-i2p/go-i2p-bt/rpc/file_manager.go:83.8,86.3 1 0
github.com/go-i2p/go-i2p-bt/rpc/file_manager.go:88.2,88.18 1 0
github.com/go-i2p/go-i2p-bt/rpc/file_manager.go:88.18,90.35 1 0
github.com/go-i2p/go-i2p-bt/rpc/file_manager.go:90.35,95.25 3 0
github.com/go-i2p/go-i2p-bt/rpc/file_manager.go:95.25,97.5 1 0
github.com/go-i2p/go-i2p-bt/rpc/file_manager.go:97.10,100.5 1 0
github.com/go-i2p/go-i2p-bt/rpc/file_manager.go:103.4,103.68 1 0
github.com/go-i2p/go-i2p-bt/rpc/file_manager.go:103.68,107.5 2 0
github.com/go-i2p/go-i2p-bt/rpc/file_manager.go:110.4,110.57 1 0
github.com/go-i2p/go-i2p-bt/rpc/file_manager.go:110.57,114.5 2 0
github.com/go-i2p/go-i2p-bt/rpc/file_manager.go:116.4,116.85 1 0
github.com/go-i2p/go-i2p-bt/rpc/file_manager.go:118.8,122.59 2 0
github.com/go-i2p/go-i2p-bt/rpc/file_manager.go:122.59,124.4 1 0
github.com/go-i2p/go-i2p-bt/rpc/file_manager.go:126.3,126.87 1 0
github.com/go-i2p/go-i2p-bt/rpc/file_manager.go:129.2,129.12 1 0
github.com/go-i2p/go-i2p-bt/rpc/file_manager.go:134.60,136.48 1 0
github.com/go-i2p/go-i2p-bt/rpc/file_manager.go:136.48,138.3 1 0
github.com/go-i2p/go-i2p-bt/rpc/file_manager.go:141.2,141.50 1 0
github.com/go-i2p/go-i2p-bt/rpc/file_manager.go:141.50,143.3 1 0
github.com/go-i2p/go-i2p-bt/rpc/file_manager.go:145.2,145.42 1 0
github.com/go-i2p/go-i2p-bt/rpc/file_manager.go:145.42,149.3 2 0
github.com/go-i2p/go-i2p-bt/rpc/file_manager.go:151.2,151.12 1 0
github.com/go-i2p/go-i2p-bt/rpc/file_manager.go:155.60,157.16 2 0
github.com/go-i2p/go-i2p-bt/rpc/file_manager.go:157.16,159.3 1 0
github.com/go-i2p/go-i2p-bt/rpc/file_manager.go:160.2,164.16 3 0
github.com/go-i2p/go-i2p-bt/rpc/file_manager.go:164.16,166.3 1 0
github.com/go-i2p/go-i2p-bt/rpc/file_manager.go:168.2,169.16 2 0
github.com/go-i2p/go-i2p-bt/rpc/file_manager.go:169.16,171.3 1 0
github.com/go-i2p/go-i2p-bt/rpc/file_manager.go:172.2,175.54 2 0
github.com/go-i2p/go-i2p-bt/rpc/file_manager.go:175.54,177.3 1 0
github.com/go-i2p/go-i2p-bt/rpc/file_manager.go:180.2,180.40 1 0
github.com/go-i2p/go-i2p-bt/rpc/file_manager.go:180.40,182.3 1 0
github.com/go-i2p/go-i2p-bt/rpc/file_manager.go:184.2,184.12 1 0
github.com/go-i2p/go-i2p-bt/rpc/file_manager.go:189.82,190.44 1 0
github.com/go-i2p/go-i2p-bt/rpc/file_manager.go:190.44,194.3 2 0
github.com/go-i2p/go-i2p-bt/rpc/file_manager.go:199.79,202.52 2 0
github.com/go-i2p/go-i2p-bt/rpc/file_manager.go:202.52,204.3 1 0
github.com/go-i2p/go-i2p-bt/rpc/file_manager.go:207.2,212.36 3 0
github.com/go-i2p/go-i2p-bt/rpc/file_manager.go:212.36,215.3 1 0
github.com/go-i2p/go-i2p-bt/rpc/file_manager.go:217.2,217.12 1 0
github.com/go-i2p/go-i2p-bt/rpc/file_manager.go:221.86,223.52 2 0
github.com/go-i2p/go-i2p-bt/rpc/file_manager.go:223.52,225.3 1 0
github.com/go-i2p/go-i2p-bt/rpc/file_manager.go:227.2,230.30 3 0
github.com/go-i2p/go-i2p-bt/rpc/file_manager.go:235.79,237.16 2 0
github.com/go-i2p/go-i2p-bt/rpc/file_manager.go:237.16,239.3 1 0
github.com/go-i2p/go-i2p-bt/rpc/file_manager.go:240.2,244.49 3 0
github.com/go-i2p/go-i2p-bt/rpc/file_manager.go:244.49,246.3 1 0
github.com/go-i2p/go-i2p-bt/rpc/file_manager.go:248.2,251.42 2 0
github.com/go-i2p/go-i2p-bt/rpc/file_manager.go:251.42,254.3 1 0
github.com/go-i2p/go-i2p-bt/rpc/file_manager.go:256.2,256.28 1 0
github.com/go-i2p/go-i2p-bt/rpc/file_manager.go:256.28,257.39 1 0
github.com/go-i2p/go-i2p-bt/rpc/file_manager.go:257.39,259.4 1 0
github.com/go-i2p/go-i2p-bt/rpc/file_manager.go:262.2,262.12 1 0
github.com/go-i2p/go-i2p-bt/rpc/file_manager.go:267.79,269.48 1 0
github.com/go-i2p/go-i2p-bt/rpc/file_manager.go:269.48,271.3 1 0
github.com/go-i2p/go-i2p-bt/rpc/file_manager.go:274.2,274.46 1 0
github.com/go-i2p/go-i2p-bt/rpc/file_manager.go:274.46,276.3 1 0
github.com/go-i2p/go-i2p-bt/rpc/file_manager.go:279.2,279.67 1 0
github.com/go-i2p/go-i2p-bt/rpc/file_manager.go:279.67,281.3 1 0
github.com/go-i2p/go-i2p-bt/rpc/file_manager.go:284.2,284.58 1 0
github.com/go-i2p/go-i2p-bt/rpc/file_manager.go:284.58,286.3 1 0
github.com/go-i2p/go-i2p-bt/rpc/file_manager.go:288.2,288.12 1 0
github.com/go-i2p/go-i2p-bt/rpc/file_manager.go:293.88,294.18 1 0
github.com/go-i2p/go-i2p-bt/rpc/file_manager.go:294.18,297.35 1 0
github.com/go-i2p/go-i2p-bt/rpc/file_manager.go:297.35,299.50 2 0
github.com/go-i2p/go-i2p-bt/rpc/file_manager.go:299.50,301.50 1 0
github.com/go-i2p/go-i2p-bt/rpc/file_manager.go:301.50,303.6 1 0
github.com/go-i2p/go-i2p-bt/rpc/file_manager.go:306.8,309.49 2 0
github.com/go-i2p/go-i2p-bt/rpc/file_manager.go:309.49,310.49 1 0
github.com/go-i2p/go-i2p-bt/rpc/file_manager.go:310.49,312.5 1 0
github.com/go-i2p/go-i2p-bt/rpc/file_manager.go:316.2,316.12 1 0
github.com/go-i2p/go-i2p-bt/rpc/file_manager.go:322.114,323.21 1 0
github.com/go-i2p/go-i2p-bt/rpc/file_manager.go:323.21,325.3 1 0
github.com/go-i2p/go-i2p-bt/rpc/file_manager.go:330.64,331.39 1 0
github.com/go-i2p/go-i2p-bt/rpc/file_manager.go:331.39,333.3 1 0
github.com/go-i2p/go-i2p-bt/rpc/file_manager.go:336.2,337.36 2 0
github.com/go-i2p/go-i2p-bt/rpc/file_manager.go:337.36,338.39 1 0
github.com/go-i2p/go-i2p-bt/rpc/file_manager.go:338.39,340.4 1 0
github.com/go-i2p/go-i2p-bt/rpc/file_manager.go:344.2,344.25 1 0
github.com/go-i2p/go-i2p-bt/rpc/file_manager.go:344.25,346.3 1 0
github.com/go-i2p/go-i2p-bt/rpc/file_manager.go:349.2,354.41 3 0
github.com/go-i2p/go-i2p-bt/rpc/file_manager.go:354.41,355.82 1 0
github.com/go-i2p/go-i2p-bt/rpc/file_manager.go:355.82,357.4 1 0
github.com/go-i2p/go-i2p-bt/rpc/file_manager.go:360.2,360.12 1 0
github.com/go-i2p/go-i2p-bt/rpc/methods.go:30.57,34.2 1 1
github.com/go-i2p/go-i2p-bt/rpc/methods.go:37.84,40.16 2 0
github.com/go-i2p/go-i2p-bt/rpc/methods.go:40.16,42.54 1 0
github.com/go-i2p/go-i2p-bt/rpc/methods.go:42.54,44.26 1 0
github.com/go-i2p/go-i2p-bt/rpc/methods.go:44.26,48.26 2 0
github.com/go-i2p/go-i2p-bt/rpc/methods.go:48.26,53.6 2 0
github.com/go-i2p/go-i2p-bt/rpc/methods.go:55.4,58.5 1 0
github.com/go-i2p/go-i2p-bt/rpc/methods.go:61.3,64.4 1 0
github.com/go-i2p/go-i2p-bt/rpc/methods.go:68.2,72.8 2 0
github.com/go-i2p/go-i2p-bt/rpc/methods.go:76.84,79.16 2 0
github.com/go-i2p/go-i2p-bt/rpc/methods.go:79.16,84.3 1 0
github.com/go-i2p/go-i2p-bt/rpc/methods.go:86.2,90.25 3 0
github.com/go-i2p/go-i2p-bt/rpc/methods.go:90.25,92.17 2 0
github.com/go-i2p/go-i2p-bt/rpc/methods.go:92.17,95.12 2 0
github.com/go-i2p/go-i2p-bt/rpc/methods.go:98.3,101.26 2 0
github.com/go-i2p/go-i2p-bt/rpc/methods.go:101.26,103.4 1 0
github.com/go-i2p/go-i2p-bt/rpc/methods.go:105.3,105.39 1 0
github.com/go-i2p/go-i2p-bt/rpc/methods.go:108.2,112.22 2 0
github.com/go-i2p/go-i2p-bt/rpc/methods.go:112.22,114.3 1 0
github.com/go-i2p/go-i2p-bt/rpc/methods.go:116.2,116.22 1 0
github.com/go-i2p/go-i2p-bt/rpc/methods.go:120.67,122.16 2 0
github.com/go-i2p/go-i2p-bt/rpc/methods.go:122.16,127.3 1 0
github.com/go-i2p/go-i2p-bt/rpc/methods.go:129.2,129.25 1 0
github.com/go-i2p/go-i2p-bt/rpc/methods.go:129.25,130.52 1 0
github.com/go-i2p/go-i2p-bt/rpc/methods.go:130.52,135.4 1 0
github.com/go-i2p/go-i2p-bt/rpc/methods.go:138.2,138.12 1 0
github.com/go-i2p/go-i2p-bt/rpc/methods.go:144.70,146.16 2 0
github.com/go-i2p/go-i2p-bt/rpc/methods.go:146.16,151.3 1 0
github.com/go-i2p/go-i2p-bt/rpc/methods.go:154.2,154.25 1 0
github.com/go-i2p/go-i2p-bt/rpc/methods.go:154.25,155.55 1 0
github.com/go-i2p/go-i2p-bt/rpc/methods.go:155.55,160.4 1 0
github.com/go-i2p/go-i2p-bt/rpc/methods.go:163.2,163.12 1 0
github.com/go-i2p/go-i2p-bt/rpc/methods.go:167.66,169.16 2 0
github.com/go-i2p/go-i2p-bt/rpc/methods.go:169.16,174.3 1 0
github.com/go-i2p/go-i2p-bt/rpc/methods.go:176.2,176.25 1 0
github.com/go-i2p/go-i2p-bt/rpc/methods.go:176.25,177.51 1 0
github.com/go-i2p/go-i2p-bt/rpc/methods.go:177.51,182.4 1 0
github.com/go-i2p/go-i2p-bt/rpc/methods.go:185.2,185.12 1 0
github.com/go-i2p/go-i2p-bt/rpc/methods.go:190.68,192.16 2 0
github.com/go-i2p/go-i2p-bt/rpc/methods.go:192.16,197.3 1 0
github.com/go-i2p/go-i2p-bt/rpc/methods.go:200.2,200.25 1 0
github.com/go-i2p/go-i2p-bt/rpc/methods.go:200.25,201.53 1 0
github.com/go-i2p/go-i2p-bt/rpc/methods.go:201.53,206.4 1 0
github.com/go-i2p/go-i2p-bt/rpc/methods.go:209.2,209.12 1 0
github.com/go-i2p/go-i2p-bt/rpc/methods.go:213.68,215.16 2 0
github.com/go-i2p/go-i2p-bt/rpc/methods.go:215.16,220.3 1 0
github.com/go-i2p/go-i2p-bt/rpc/methods.go:222.2,222.25 1 0
github.com/go-i2p/go-i2p-bt/rpc/methods.go:222.25,223.74 1 0
github.com/go-i2p/go-i2p-bt/rpc/methods.go:223.74,228.4 1 0
github.com/go-i2p/go-i2p-bt/rpc/methods.go:231.2,231.12 1 0
github.com/go-i2p/go-i2p-bt/rpc/methods.go:263.65,265.57 1 0
github.com/go-i2p/go-i2p-bt/rpc/methods.go:265.57,270.3 1 0
github.com/go-i2p/go-i2p-bt/rpc/methods.go:272.2,273.16 2 0
github.com/go-i2p/go-i2p-bt/rpc/methods.go:273.16,278.3 1 0
github.com/go-i2p/go-i2p-bt/rpc/methods.go:281.2,284.25 2 0
github.com/go-i2p/go-i2p-bt/rpc/methods.go:284.25,286.17 2 0
github.com/go-i2p/go-i2p-bt/rpc/methods.go:286.17,288.12 2 0
github.com/go-i2p/go-i2p-bt/rpc/methods.go:292.3,292.61 1 0
github.com/go-i2p/go-i2p-bt/rpc/methods.go:292.61,294.4 1 0
github.com/go-i2p/go-i2p-bt/rpc/methods.go:298.2,298.21 1 0
github.com/go-i2p/go-i2p-bt/rpc/methods.go:298.21,303.3 1 0
github.com/go-i2p/go-i2p-bt/rpc/methods.go:305.2,305.12 1 0
github.com/go-i2p/go-i2p-bt/rpc/methods.go:326.80,328.23 1 0
github.com/go-i2p/go-i2p-bt/rpc/methods.go:328.23,330.3 1 0
github.com/go-i2p/go-i2p-bt/rpc/methods.go:333.2,333.28 1 0
github.com/go-i2p/go-i2p-bt/rpc/methods.go:333.28,335.3 1 0
github.com/go-i2p/go-i2p-bt/rpc/methods.go:338.2,338.27 1 0
github.com/go-i2p/go-i2p-bt/rpc/methods.go:338.27,340.3 1 0
github.com/go-i2p/go-i2p-bt/rpc/methods.go:343.2,343.52 1 0
github.com/go-i2p/go-i2p-bt/rpc/methods.go:343.52,345.3 1 0
github.com/go-i2p/go-i2p-bt/rpc/methods.go:348.2,348.50 1 0
github.com/go-i2p/go-i2p-bt/rpc/methods.go:348.50,350.3 1 0
github.com/go-i2p/go-i2p-bt/rpc/methods.go:353.2,353.61 1 0
github.com/go-i2p/go-i2p-bt/rpc/methods.go:353.61,355.3 1 0
github.com/go-i2p/go-i2p-bt/rpc/methods.go:358.2,358.65 1 0
github.com/go-i2p/go-i2p-bt/rpc/methods.go:358.65,360.3 1 0
github.com/go-i2p/go-i2p-bt/rpc/methods.go:362.2,362.12 1 0
github.com/go-i2p/go-i2p-bt/rpc/methods.go:385.97,387.63 1 0
github.com/go-i2p/go-i2p-bt/rpc/methods.go:387.63,389.3 1 0
github.com/go-i2p/go-i2p-bt/rpc/methods.go:392.2,392.28 1 0
github.com/go-i2p/go-i2p-bt/rpc/methods.go:392.28,396.27 2 0
github.com/go-i2p/go-i2p-bt/rpc/methods.go:396.27,397.91 1 0
github.com/go-i2p/go-i2p-bt/rpc/methods.go:397.91,399.5 1 0
github.com/go-i2p/go-i2p-bt/rpc/methods.go:405.2,408.67 2 0
github.com/go-i2p/go-i2p-bt/rpc/methods.go:408.67,410.3 1 0
github.com/go-i2p/go-i2p-bt/rpc/methods.go:413.2,419.55 3 0
github.com/go-i2p/go-i2p-bt/rpc/methods.go:419.55,421.3 1 0
github.com/go-i2p/go-i2p-bt/rpc/methods.go:424.2,424.24 1 0
github.com/go-i2p/go-i2p-bt/rpc/methods.go:424.24,425.82 1 0
github.com/go-i2p/go-i2p-bt/rpc/methods.go:425.82,427.4 1 0
github.com/go-i2p/go-i2p-bt/rpc/methods.go:430.2,430.12 1 0
github.com/go-i2p/go-i2p-bt/rpc/methods.go:435.101,436.32 1 0
github.com/go-i2p/go-i2p-bt/rpc/methods.go:436.33,439.3 0 0
github.com/go-i2p/go-i2p-bt/rpc/methods.go:444.104,446.60 1 0
github.com/go-i2p/go-i2p-bt/rpc/methods.go:446.60,448.3 1 0
github.com/go-i2p/go-i2p-bt/rpc/methods.go:451.2,451.61 1 0
github.com/go-i2p/go-i2p-bt/rpc/methods.go:451.61,453.3 1 0
github.com/go-i2p/go-i2p-bt/rpc/methods.go:455.2,455.12 1 0
github.com/go-i2p/go-i2p-bt/rpc/methods.go:460.104,461.28 1 0
github.com/go-i2p/go-i2p-bt/rpc/methods.go:461.28,463.3 1 0
github.com/go-i2p/go-i2p-bt/rpc/methods.go:464.2,464.27 1 0
github.com/go-i2p/go-i2p-bt/rpc/methods.go:464.27,466.3 1 0
github.com/go-i2p/go-i2p-bt/rpc/methods.go:467.2,467.29 1 0
github.com/go-i2p/go-i2p-bt/rpc/methods.go:467.29,469.3 1 0
github.com/go-i2p/go-i2p-bt/rpc/methods.go:474.99,476.25 1 0
github.com/go-i2p/go-i2p-bt/rpc/methods.go:476.25,479.3 2 0
github.com/go-i2p/go-i2p-bt/rpc/methods.go:483.79,484.29 1 0
github.com/go-i2p/go-i2p-bt/rpc/methods.go:484.29,486.3 1 0
github.com/go-i2p/go-i2p-bt/rpc/methods.go:488.2,489.16 2 0
github.com/go-i2p/go-i2p-bt/rpc/methods.go:489.16,491.3 1 0
github.com/go-i2p/go-i2p-bt/rpc/methods.go:494.2,495.47 2 0
github.com/go-i2p/go-i2p-bt/rpc/methods.go:495.47,497.3 1 0
github.com/go-i2p/go-i2p-bt/rpc/methods.go:500.2,500.55 1 0
github.com/go-i2p/go-i2p-bt/rpc/methods.go:500.55,502.33 2 0
github.com/go-i2p/go-i2p-bt/rpc/methods.go:502.33,504.4 1 0
github.com/go-i2p/go-i2p-bt/rpc/methods.go:508.2,508.59 1 0
github.com/go-i2p/go-i2p-bt/rpc/methods.go:508.59,511.3 1 0
github.com/go-i2p/go-i2p-bt/rpc/methods.go:513.2,513.12 1 0
github.com/go-i2p/go-i2p-bt/rpc/methods.go:532.97,534.44 1 0
github.com/go-i2p/go-i2p-bt/rpc/methods.go:534.44,535.61 1 0
github.com/go-i2p/go-i2p-bt/rpc/methods.go:535.61,537.4 1 0
github.com/go-i2p/go-i2p-bt/rpc/methods.go:538.3,538.35 1 0
github.com/go-i2p/go-i2p-bt/rpc/methods.go:542.2,542.46 1 0
github.com/go-i2p/go-i2p-bt/rpc/methods.go:542.46,543.61 1 0
github.com/go-i2p/go-i2p-bt/rpc/methods.go:543.61,545.4 1 0
github.com/go-i2p/go-i2p-bt/rpc/methods.go:546.3,546.36 1 0
github.com/go-i2p/go-i2p-bt/rpc/methods.go:549.2,549.12 1 0
github.com/go-i2p/go-i2p-bt/rpc/methods.go:573.98,575.82 1 0
github.com/go-i2p/go-i2p-bt/rpc/methods.go:575.82,576.37 1 0
github.com/go-i2p/go-i2p-bt/rpc/methods.go:576.37,577.66 1 0
github.com/go-i2p/go-i2p-bt/rpc/methods.go:577.66,579.5 1 0
github.com/go-i2p/go-i2p-bt/rpc/methods.go:580.4,580.44 1 0
github.com/go-i2p/go-i2p-bt/rpc/methods.go:582.3,582.13 1 0
github.com/go-i2p/go-i2p-bt/rpc/methods.go:586.2,586.74 1 0
github.com/go-i2p/go-i2p-bt/rpc/methods.go:586.74,588.3 1 0
github.com/go-i2p/go-i2p-bt/rpc/methods.go:591.2,591.78 1 0
github.com/go-i2p/go-i2p-bt/rpc/methods.go:591.78,593.3 1 0
github.com/go-i2p/go-i2p-bt/rpc/methods.go:596.2,596.73 1 0
github.com/go-i2p/go-i2p-bt/rpc/methods.go:596.73,598.3 1 0
github.com/go-i2p/go-i2p-bt/rpc/methods.go:600.2,600.12 1 0
github.com/go-i2p/go-i2p-bt/rpc/methods.go:623.92,625.81 1 0
github.com/go-i2p/go-i2p-bt/rpc/methods.go:625.81,627.3 1 0
github.com/go-i2p/go-i2p-bt/rpc/methods.go:630.2,630.84 1 0
github.com/go-i2p/go-i2p-bt/rpc/methods.go:630.84,632.3 1 0
github.com/go-i2p/go-i2p-bt/rpc/methods.go:635.2,635.84 1 0
github.com/go-i2p/go-i2p-bt/rpc/methods.go:635.84,637.3 1 0
github.com/go-i2p/go-i2p-bt/rpc/methods.go:639.2,639.12 1 0
github.com/go-i2p/go-i2p-bt/rpc/methods.go:644.105,645.40 1 0
github.com/go-i2p/go-i2p-bt/rpc/methods.go:645.40,646.39 1 0
github.com/go-i2p/go-i2p-bt/rpc/methods.go:646.39,647.12 1 0
github.com/go-i2p/go-i2p-bt/rpc/methods.go:651.3,652.48 2 0
github.com/go-i2p/go-i2p-bt/rpc/methods.go:652.48,653.27 1 0
github.com/go-i2p/go-i2p-bt/rpc/methods.go:653.27,655.10 2 0
github.com/go-i2p/go-i2p-bt/rpc/methods.go:658.3,658.13 1 0
github.com/go-i2p/go-i2p-bt/rpc/methods.go:658.13,660.4 1 0
github.com/go-i2p/go-i2p-bt/rpc/methods.go:662.2,662.12 1 0
github.com/go-i2p/go-i2p-bt/rpc/methods.go:668.106,669.31 1 0
github.com/go-i2p/go-i2p-bt/rpc/methods.go:669.31,671.3 1 0
github.com/go-i2p/go-i2p-bt/rpc/methods.go:674.2,675.38 2 0
github.com/go-i2p/go-i2p-bt/rpc/methods.go:675.38,676.54 1 0
github.com/go-i2p/go-i2p-bt/rpc/methods.go:676.54,678.4 1 0
github.com/go-i2p/go-i2p-bt/rpc/methods.go:679.3,679.24 1 0
github.com/go-i2p/go-i2p-bt/rpc/methods.go:683.2,686.32 2 0
github.com/go-i2p/go-i2p-bt/rpc/methods.go:686.32,688.3 1 0
github.com/go-i2p/go-i2p-bt/rpc/methods.go:690.2,690.12 1 0
github.com/go-i2p/go-i2p-bt/rpc/methods.go:695.59,696.36 1 0
github.com/go-i2p/go-i2p-bt/rpc/methods.go:696.36,697.41 1 0
github.com/go-i2p/go-i2p-bt/rpc/methods.go:697.41,698.31 1 0
github.com/go-i2p/go-i2p-bt/rpc/methods.go:698.31,700.5 1 0
github.com/go-i2p/go-i2p-bt/rpc/methods.go:707.110,708.30 1 0
github.com/go-i2p/go-i2p-bt/rpc/methods.go:708.30,710.3 1 0
github.com/go-i2p/go-i2p-bt/rpc/methods.go:713.2,714.16 2 0
github.com/go-i2p/go-i2p-bt/rpc/methods.go:714.16,716.3 1 0
github.com/go-i2p/go-i2p-bt/rpc/methods.go:719.2,719.52 1 0
github.com/go-i2p/go-i2p-bt/rpc/methods.go:719.52,721.3 1 0
github.com/go-i2p/go-i2p-bt/rpc/methods.go:724.2,724.37 1 0
github.com/go-i2p/go-i2p-bt/rpc/methods.go:724.37,726.3 1 0
github.com/go-i2p/go-i2p-bt/rpc/methods.go:729.2,730.12 2 0
github.com/go-i2p/go-i2p-bt/rpc/methods.go:735.102,740.39 3 0
github.com/go-i2p/go-i2p-bt/rpc/methods.go:741.15,742.17 1 0
github.com/go-i2p/go-i2p-bt/rpc/methods.go:743.11,744.12 1 0
github.com/go-i2p/go-i2p-bt/rpc/methods.go:745.13,746.17 1 0
github.com/go-i2p/go-i2p-bt/rpc/methods.go:747.10,748.76 1 0
github.com/go-i2p/go-i2p-bt/rpc/methods.go:752.2,752.47 1 0
github.com/go-i2p/go-i2p-bt/rpc/methods.go:752.47,754.3 1 0
github.com/go-i2p/go-i2p-bt/rpc/methods.go:754.8,756.3 1 0
github.com/go-i2p/go-i2p-bt/rpc/methods.go:758.2,758.27 1 0
github.com/go-i2p/go-i2p-bt/rpc/methods.go:786.101,788.39 1 0
github.com/go-i2p/go-i2p-bt/rpc/methods.go:788.39,790.3 1 0
github.com/go-i2p/go-i2p-bt/rpc/methods.go:793.2,793.10 1 0
github.com/go-i2p/go-i2p-bt/rpc/methods.go:793.10,799.17 3 0
github.com/go-i2p/go-i2p-bt/rpc/methods.go:799.17,801.4 1 0
github.com/go-i2p/go-i2p-bt/rpc/methods.go:804.3,805.86 2 0
github.com/go-i2p/go-i2p-bt/rpc/methods.go:805.86,807.4 1 0
github.com/go-i2p/go-i2p-bt/rpc/methods.go:811.2,813.12 2 0
github.com/go-i2p/go-i2p-bt/rpc/methods.go:817.63,872.2 3 0
github.com/go-i2p/go-i2p-bt/rpc/methods.go:875.62,887.62 8 0
github.com/go-i2p/go-i2p-bt/rpc/methods.go:887.62,892.3 1 0
github.com/go-i2p/go-i2p-bt/rpc/methods.go:894.2,894.12 1 0
github.com/go-i2p/go-i2p-bt/rpc/methods.go:900.100,901.29 1 0
github.com/go-i2p/go-i2p-bt/rpc/methods.go:901.29,903.3 1 0
github.com/go-i2p/go-i2p-bt/rpc/methods.go:904.2,904.32 1 0
github.com/go-i2p/go-i2p-bt/rpc/methods.go:904.32,906.3 1 0
github.com/go-i2p/go-i2p-bt/rpc/methods.go:907.2,907.27 1 0
github.com/go-i2p/go-i2p-bt/rpc/methods.go:907.27,909.3 1 0
github.com/go-i2p/go-i2p-bt/rpc/methods.go:910.2,910.31 1 0
github.com/go-i2p/go-i2p-bt/rpc/methods.go:910.31,912.3 1 0
github.com/go-i2p/go-i2p-bt/rpc/methods.go:913.2,913.38 1 0
github.com/go-i2p/go-i2p-bt/rpc/methods.go:913.38,915.3 1 0
github.com/go-i2p/go-i2p-bt/rpc/methods.go:916.2,916.29 1 0
github.com/go-i2p/go-i2p-bt/rpc/methods.go:916.29,918.3 1 0
github.com/go-i2p/go-i2p-bt/rpc/methods.go:919.2,919.36 1 0
github.com/go-i2p/go-i2p-bt/rpc/methods.go:919.36,921.3 1 0
github.com/go-i2p/go-i2p-bt/rpc/methods.go:927.101,928.20 1 0
github.com/go-i2p/go-i2p-bt/rpc/methods.go:928.20,930.3 1 0
github.com/go-i2p/go-i2p-bt/rpc/methods.go:931.2,931.20 1 0
github.com/go-i2p/go-i2p-bt/rpc/methods.go:931.20,933.3 1 0
github.com/go-i2p/go-i2p-bt/rpc/methods.go:934.2,934.32 1 0
github.com/go-i2p/go-i2p-bt/rpc/methods.go:934.32,936.3 1 0
github.com/go-i2p/go-i2p-bt/rpc/methods.go:937.2,937.36 1 0
github.com/go-i2p/go-i2p-bt/rpc/methods.go:937.36,939.3 1 0
github.com/go-i2p/go-i2p-bt/rpc/methods.go:940.2,940.25 1 0
github.com/go-i2p/go-i2p-bt/rpc/methods.go:940.25,942.3 1 0
github.com/go-i2p/go-i2p-bt/rpc/methods.go:943.2,943.20 1 0
github.com/go-i2p/go-i2p-bt/rpc/methods.go:943.20,945.3 1 0
github.com/go-i2p/go-i2p-bt/rpc/methods.go:946.2,946.20 1 0
github.com/go-i2p/go-i2p-bt/rpc/methods.go:946.20,948.3 1 0
github.com/go-i2p/go-i2p-bt/rpc/methods.go:954.95,955.37 1 0
github.com/go-i2p/go-i2p-bt/rpc/methods.go:955.37,957.3 1 0
github.com/go-i2p/go-i2p-bt/rpc/methods.go:958.2,958.34 1 0
github.com/go-i2p/go-i2p-bt/rpc/methods.go:958.34,960.3 1 0
github.com/go-i2p/go-i2p-bt/rpc/methods.go:961.2,961.33 1 0
github.com/go-i2p/go-i2p-bt/rpc/methods.go:961.33,963.3 1 0
github.com/go-i2p/go-i2p-bt/rpc/methods.go:964.2,964.30 1 0
github.com/go-i2p/go-i2p-bt/rpc/methods.go:964.30,966.3 1 0
github.com/go-i2p/go-i2p-bt/rpc/methods.go:972.97,973.33 1 0
github.com/go-i2p/go-i2p-bt/rpc/methods.go:973.33,975.3 1 0
github.com/go-i2p/go-i2p-bt/rpc/methods.go:976.2,976.40 1 0
github.com/go-i2p/go-i2p-bt/rpc/methods.go:976.40,978.3 1 0
github.com/go-i2p/go-i2p-bt/rpc/methods.go:979.2,979.31 1 0
github.com/go-i2p/go-i2p-bt/rpc/methods.go:979.31,981.3 1 0
github.com/go-i2p/go-i2p-bt/rpc/methods.go:982.2,982.33 1 0
github.com/go-i2p/go-i2p-bt/rpc/methods.go:982.33,984.3 1 0
github.com/go-i2p/go-i2p-bt/rpc/methods.go:989.99,990.28 1 0
github.com/go-i2p/go-i2p-bt/rpc/methods.go:990.28,992.3 1 0
github.com/go-i2p/go-i2p-bt/rpc/methods.go:993.2,993.30 1 0
github.com/go-i2p/go-i2p-bt/rpc/methods.go:993.30,995.3 1 0
github.com/go-i2p/go-i2p-bt/rpc/methods.go:996.2,996.37 1 0
github.com/go-i2p/go-i2p-bt/rpc/methods.go:996.37,998.3 1 0
github.com/go-i2p/go-i2p-bt/rpc/methods.go:999.2,999.28 1 0
github.com/go-i2p/go-i2p-bt/rpc/methods.go:999.28,1001.3 1 0
github.com/go-i2p/go-i2p-bt/rpc/methods.go:1002.2,1002.35 1 0
github.com/go-i2p/go-i2p-bt/rpc/methods.go:1002.35,1004.3 1 0
github.com/go-i2p/go-i2p-bt/rpc/methods.go:1010.98,1011.27 1 0
github.com/go-i2p/go-i2p-bt/rpc/methods.go:1011.27,1013.3 1 0
github.com/go-i2p/go-i2p-bt/rpc/methods.go:1014.2,1014.33 1 0
github.com/go-i2p/go-i2p-bt/rpc/methods.go:1014.33,1016.3 1 0
github.com/go-i2p/go-i2p-bt/rpc/methods.go:1017.2,1017.29 1 0
github.com/go-i2p/go-i2p-bt/rpc/methods.go:1017.29,1019.3 1 0
github.com/go-i2p/go-i2p-bt/rpc/methods.go:1023.69,1049.2 2 0
github.com/go-i2p/go-i2p-bt/rpc/methods.go:1054.80,1102.2 6 0
github.com/go-i2p/go-i2p-bt/rpc/methods.go:1107.104,1113.32 5 0
github.com/go-i2p/go-i2p-bt/rpc/methods.go:1113.32,1126.32 3 0
github.com/go-i2p/go-i2p-bt/rpc/methods.go:1126.32,1128.4 1 0
github.com/go-i2p/go-i2p-bt/rpc/methods.go:1129.3,1129.28 1 0
github.com/go-i2p/go-i2p-bt/rpc/methods.go:1129.28,1131.4 1 0
github.com/go-i2p/go-i2p-bt/rpc/methods.go:1134.2,1134.45 1 0
github.com/go-i2p/go-i2p-bt/rpc/methods.go:1140.73,1142.32 2 0
github.com/go-i2p/go-i2p-bt/rpc/methods.go:1142.32,1151.3 1 0
github.com/go-i2p/go-i2p-bt/rpc/methods.go:1152.2,1152.14 1 0
github.com/go-i2p/go-i2p-bt/rpc/methods.go:1158.96,1161.45 3 0
github.com/go-i2p/go-i2p-bt/rpc/methods.go:1161.45,1175.3 2 0
github.com/go-i2p/go-i2p-bt/rpc/methods.go:1176.2,1176.31 1 0
github.com/go-i2p/go-i2p-bt/rpc/methods.go:1182.116,1185.26 3 0
github.com/go-i2p/go-i2p-bt/rpc/methods.go:1185.26,1188.3 2 0
github.com/go-i2p/go-i2p-bt/rpc/methods.go:1190.2,1191.19 2 0
github.com/go-i2p/go-i2p-bt/rpc/methods.go:1191.19,1193.3 1 0
github.com/go-i2p/go-i2p-bt/rpc/methods.go:1195.2,1196.27 2 0
github.com/go-i2p/go-i2p-bt/rpc/methods.go:1196.27,1199.3 2 0
github.com/go-i2p/go-i2p-bt/rpc/methods.go:1201.2,1201.54 1 0
github.com/go-i2p/go-i2p-bt/rpc/methods.go:1205.84,1212.31 2 0
github.com/go-i2p/go-i2p-bt/rpc/methods.go:1212.31,1213.16 1 0
github.com/go-i2p/go-i2p-bt/rpc/methods.go:1214.13,1215.28 1 0
github.com/go-i2p/go-i2p-bt/rpc/methods.go:1216.21,1217.44 1 0
github.com/go-i2p/go-i2p-bt/rpc/methods.go:1218.15,1219.32 1 0
github.com/go-i2p/go-i2p-bt/rpc/methods.go:1220.17,1221.36 1 0
github.com/go-i2p/go-i2p-bt/rpc/methods.go:1222.20,1223.42 1 0
github.com/go-i2p/go-i2p-bt/rpc/methods.go:1224.20,1225.42 1 0
github.com/go-i2p/go-i2p-bt/rpc/methods.go:1226.23,1227.48 1 0
github.com/go-i2p/go-i2p-bt/rpc/methods.go:1228.22,1229.46 1 0
github.com/go-i2p/go-i2p-bt/rpc/methods.go:1230.16,1231.34 1 0
github.com/go-i2p/go-i2p-bt/rpc/methods.go:1232.20,1233.42 1 0
github.com/go-i2p/go-i2p-bt/rpc/methods.go:1234.21,1235.44 1 0
github.com/go-i2p/go-i2p-bt/rpc/methods.go:1236.17,1237.36 1 0
github.com/go-i2p/go-i2p-bt/rpc/methods.go:1238.19,1239.40 1 0
github.com/go-i2p/go-i2p-bt/rpc/methods.go:1240.23,1241.48 1 0
github.com/go-i2p/go-i2p-bt/rpc/methods.go:1242.16,1243.34 1 0
github.com/go-i2p/go-i2p-bt/rpc/methods.go:1244.20,1245.42 1 0
github.com/go-i2p/go-i2p-bt/rpc/methods.go:1246.24,1247.50 1 0
github.com/go-i2p/go-i2p-bt/rpc/methods.go:1248.22,1249.46 1 0
github.com/go-i2p/go-i2p-bt/rpc/methods.go:1250.23,1251.48 1 0
github.com/go-i2p/go-i2p-bt/rpc/methods.go:1252.25,1253.52 1 0
github.com/go-i2p/go-i2p-bt/rpc/methods.go:1254.20,1255.42 1 0
github.com/go-i2p/go-i2p-bt/rpc/methods.go:1256.23,1257.48 1 0
github.com/go-i2p/go-i2p-bt/rpc/methods.go:1258.21,1259.44 1 0
github.com/go-i2p/go-i2p-bt/rpc/methods.go:1260.23,1261.48 1 0
github.com/go-i2p/go-i2p-bt/rpc/methods.go:1262.22,1263.46 1 0
github.com/go-i2p/go-i2p-bt/rpc/methods.go:1264.25,1265.52 1 0
github.com/go-i2p/go-i2p-bt/rpc/methods.go:1266.24,1267.50 1 0
github.com/go-i2p/go-i2p-bt/rpc/methods.go:1268.30,1269.62 1 0
github.com/go-i2p/go-i2p-bt/rpc/methods.go:1270.17,1271.36 1 0
github.com/go-i2p/go-i2p-bt/rpc/methods.go:1272.21,1273.44 1 0
github.com/go-i2p/go-i2p-bt/rpc/methods.go:1274.21,1275.44 1 0
github.com/go-i2p/go-i2p-bt/rpc/methods.go:1276.20,1277.42 1 0
github.com/go-i2p/go-i2p-bt/rpc/methods.go:1278.20,1279.42 1 0
github.com/go-i2p/go-i2p-bt/rpc/methods.go:1280.21,1281.44 1 0
github.com/go-i2p/go-i2p-bt/rpc/methods.go:1282.34,1283.70 1 0
github.com/go-i2p/go-i2p-bt/rpc/methods.go:1284.28,1285.58 1 0
github.com/go-i2p/go-i2p-bt/rpc/methods.go:1289.2,1289.17 1 0
github.com/go-i2p/go-i2p-bt/rpc/methods.go:1294.42,1295.27 1 0
github.com/go-i2p/go-i2p-bt/rpc/methods.go:1295.27,1297.17 2 0
github.com/go-i2p/go-i2p-bt/rpc/methods.go:1297.17,1299.4 1 0
github.com/go-i2p/go-i2p-bt/rpc/methods.go:1301.2,1301.35 1 0
github.com/go-i2p/go-i2p-bt/rpc/methods.go:1304.53,1305.86 1 0
github.com/go-i2p/go-i2p-bt/rpc/methods.go:1305.86,1307.3 1 0
github.com/go-i2p/go-i2p-bt/rpc/methods.go:1308.2,1308.24 1 0
github.com/go-i2p/go-i2p-bt/rpc/methods.go:1311.57,1312.21 1 0
github.com/go-i2p/go-i2p-bt/rpc/methods.go:1312.21,1314.3 1 0
github.com/go-i2p/go-i2p-bt/rpc/methods.go:1315.2,1315.48 1 0
github.com/go-i2p/go-i2p-bt/rpc/methods.go:1318.55,1319.27 1 0
github.com/go-i2p/go-i2p-bt/rpc/methods.go:1319.27,1321.3 1 0
github.com/go-i2p/go-i2p-bt/rpc/methods.go:1322.2,1322.47 1 0
github.com/go-i2p/go-i2p-bt/rpc/methods.go:1322.47,1324.3 1 0
github.com/go-i2p/go-i2p-bt/rpc/methods.go:1325.2,1325.12 1 0
github.com/go-i2p/go-i2p-bt/rpc/methods.go:1331.105,1333.66 1 0
github.com/go-i2p/go-i2p-bt/rpc/methods.go:1333.66,1335.3 1 0
github.com/go-i2p/go-i2p-bt/rpc/methods.go:1338.2,1338.67 1 0
github.com/go-i2p/go-i2p-bt/rpc/methods.go:1338.67,1340.3 1 0
github.com/go-i2p/go-i2p-bt/rpc/methods.go:1343.2,1343.60 1 0
github.com/go-i2p/go-i2p-bt/rpc/methods.go:1343.60,1345.3 1 0
github.com/go-i2p/go-i2p-bt/rpc/methods.go:1347.2,1347.19 1 0
github.com/go-i2p/go-i2p-bt/rpc/methods.go:1351.104,1354.16 2 0
github.com/go-i2p/go-i2p-bt/rpc/methods.go:1355.23,1356.30 1 0
github.com/go-i2p/go-i2p-bt/rpc/methods.go:1357.27,1358.33 1 0
github.com/go-i2p/go-i2p-bt/rpc/methods.go:1359.22,1360.29 1 0
github.com/go-i2p/go-i2p-bt/rpc/methods.go:1361.24,1362.31 1 0
github.com/go-i2p/go-i2p-bt/rpc/methods.go:1363.24,1364.31 1 0
github.com/go-i2p/go-i2p-bt/rpc/methods.go:1365.21,1366.28 1 0
github.com/go-i2p/go-i2p-bt/rpc/methods.go:1367.10,1368.13 1 0
github.com/go-i2p/go-i2p-bt/rpc/methods.go:1371.2,1371.49 1 0
github.com/go-i2p/go-i2p-bt/rpc/methods.go:1375.105,1376.16 1 0
github.com/go-i2p/go-i2p-bt/rpc/methods.go:1377.21,1378.37 1 0
github.com/go-i2p/go-i2p-bt/rpc/methods.go:1379.21,1380.37 1 0
github.com/go-i2p/go-i2p-bt/rpc/methods.go:1381.21,1382.37 1 0
github.com/go-i2p/go-i2p-bt/rpc/methods.go:1383.10,1384.13 1 0
github.com/go-i2p/go-i2p-bt/rpc/methods.go:1389.98,1390.16 1 0
github.com/go-i2p/go-i2p-bt/rpc/methods.go:1391.21,1392.60 1 0
github.com/go-i2p/go-i2p-bt/rpc/methods.go:1392.60,1394.4 1 0
github.com/go-i2p/go-i2p-bt/rpc/methods.go:1395.23,1396.60 1 0
github.com/go-i2p/go-i2p-bt/rpc/methods.go:1396.60,1398.4 1 0
github.com/go-i2p/go-i2p-bt/rpc/methods.go:1399.10,1400.13 1 0
github.com/go-i2p/go-i2p-bt/rpc/methods.go:1405.137,1406.59 1 0
github.com/go-i2p/go-i2p-bt/rpc/methods.go:1406.59,1408.54 2 0
github.com/go-i2p/go-i2p-bt/rpc/methods.go:1408.54,1410.4 1 0
github.com/go-i2p/go-i2p-bt/rpc/methods.go:1411.3,1411.30 1 0
github.com/go-i2p/go-i2p-bt/rpc/methods.go:1416.91,1417.59 1 0
github.com/go-i2p/go-i2p-bt/rpc/methods.go:1417.59,1419.54 2 0
github.com/go-i2p/go-i2p-bt/rpc/methods.go:1419.54,1421.4 1 0
github.com/go-i2p/go-i2p-bt/rpc/methods.go:1422.3,1422.27 1 0
github.com/go-i2p/go-i2p-bt/rpc/methods.go:1427.91,1428.59 1 0
github.com/go-i2p/go-i2p-bt/rpc/methods.go:1428.59,1430.54 2 0
github.com/go-i2p/go-i2p-bt/rpc/methods.go:1430.54,1432.4 1 0
github.com/go-i2p/go-i2p-bt/rpc/methods.go:1433.3,1433.27 1 0
github.com/go-i2p/go-i2p-bt/rpc/methods.go:1438.91,1439.59 1 0
github.com/go-i2p/go-i2p-bt/rpc/methods.go:1439.59,1441.54 2 0
github.com/go-i2p/go-i2p-bt/rpc/methods.go:1441.54,1443.4 1 0
github.com/go-i2p/go-i2p-bt/rpc/methods.go:1444.3,1444.32 1 0
github.com/go-i2p/go-i2p-bt/rpc/methods.go:1449.53,1463.2 1 0
github.com/go-i2p/go-i2p-bt/rpc/queue_manager.go:103.107,105.33 1 1
github.com/go-i2p/go-i2p-bt/rpc/queue_manager.go:105.33,107.3 1 0
github.com/go-i2p/go-i2p-bt/rpc/queue_manager.go:109.2,128.11 4 1
github.com/go-i2p/go-i2p-bt/rpc/queue_manager.go:132.96,143.19 5 0
github.com/go-i2p/go-i2p-bt/rpc/queue_manager.go:144.21,145.38 1 0
github.com/go-i2p/go-i2p-bt/rpc/queue_manager.go:145.38,147.4 1 0
github.com/go-i2p/go-i2p-bt/rpc/queue_manager.go:150.3,161.25 7 0
github.com/go-i2p/go-i2p-bt/rpc/queue_manager.go:163.17,164.34 1 0
github.com/go-i2p/go-i2p-bt/rpc/queue_manager.go:164.34,166.4 1 0
github.com/go-i2p/go-i2p-bt/rpc/queue_manager.go:169.3,180.25 7 0
github.com/go-i2p/go-i2p-bt/rpc/queue_manager.go:183.2,183.12 1 0
github.com/go-i2p/go-i2p-bt/rpc/queue_manager.go:187.58,200.2 8 0
github.com/go-i2p/go-i2p-bt/rpc/queue_manager.go:203.81,208.54 3 0
github.com/go-i2p/go-i2p-bt/rpc/queue_manager.go:208.54,210.3 1 0
github.com/go-i2p/go-i2p-bt/rpc/queue_manager.go:213.2,213.50 1 0
github.com/go-i2p/go-i2p-bt/rpc/queue_manager.go:213.50,215.3 1 0
github.com/go-i2p/go-i2p-bt/rpc/queue_manager.go:217.2,217.29 1 0
github.com/go-i2p/go-i2p-bt/rpc/queue_manager.go:221.65,225.57 3 0
github.com/go-i2p/go-i2p-bt/rpc/queue_manager.go:225.57,227.3 1 0
github.com/go-i2p/go-i2p-bt/rpc/queue_manager.go:229.2,229.53 1 0
github.com/go-i2p/go-i2p-bt/rpc/queue_manager.go:229.53,231.3 1 0
github.com/go-i2p/go-i2p-bt/rpc/queue_manager.go:233.2,233.11 1 0
github.com/go-i2p/go-i2p-bt/rpc/queue_manager.go:237.56,242.2 3 0
github.com/go-i2p/go-i2p-bt/rpc/queue_manager.go:245.77,254.19 5 0
github.com/go-i2p/go-i2p-bt/rpc/queue_manager.go:255.21,257.60 2 0
github.com/go-i2p/go-i2p-bt/rpc/queue_manager.go:258.17,260.52 2 0
github.com/go-i2p/go-i2p-bt/rpc/queue_manager.go:263.2,266.34 2 0
github.com/go-i2p/go-i2p-bt/rpc/queue_manager.go:266.34,268.3 1 0
github.com/go-i2p/go-i2p-bt/rpc/queue_manager.go:272.47,284.2 8 0
github.com/go-i2p/go-i2p-bt/rpc/queue_manager.go:287.39,291.2 3 0
github.com/go-i2p/go-i2p-bt/rpc/queue_manager.go:295.72,296.54 1 0
github.com/go-i2p/go-i2p-bt/rpc/queue_manager.go:296.54,300.39 2 0
github.com/go-i2p/go-i2p-bt/rpc/queue_manager.go:300.39,301.23 1 0
github.com/go-i2p/go-i2p-bt/rpc/queue_manager.go:301.23,303.10 2 0
github.com/go-i2p/go-i2p-bt/rpc/queue_manager.go:307.3,308.62 2 0
github.com/go-i2p/go-i2p-bt/rpc/queue_manager.go:312.68,313.50 1 0
github.com/go-i2p/go-i2p-bt/rpc/queue_manager.go:313.50,317.35 2 0
github.com/go-i2p/go-i2p-bt/rpc/queue_manager.go:317.35,318.23 1 0
github.com/go-i2p/go-i2p-bt/rpc/queue_manager.go:318.23,320.10 2 0
github.com/go-i2p/go-i2p-bt/rpc/queue_manager.go:324.3,325.54 2 0
github.com/go-i2p/go-i2p-bt/rpc/queue_manager.go:329.45,330.51 1 0
github.com/go-i2p/go-i2p-bt/rpc/queue_manager.go:330.51,335.39 3 0
github.com/go-i2p/go-i2p-bt/rpc/queue_manager.go:335.39,337.4 1 0
github.com/go-i2p/go-i2p-bt/rpc/queue_manager.go:338.3,338.49 1 0
github.com/go-i2p/go-i2p-bt/rpc/queue_manager.go:342.41,343.47 1 0
github.com/go-i2p/go-i2p-bt/rpc/queue_manager.go:343.47,348.39 3 0
github.com/go-i2p/go-i2p-bt/rpc/queue_manager.go:348.39,350.4 1 0
github.com/go-i2p/go-i2p-bt/rpc/queue_manager.go:351.3,351.49 1 0
github.com/go-i2p/go-i2p-bt/rpc/queue_manager.go:355.56,356.45 1 0
github.com/go-i2p/go-i2p-bt/rpc/queue_manager.go:356.45,357.58 1 0
github.com/go-i2p/go-i2p-bt/rpc/queue_manager.go:357.58,359.4 1 0
github.com/go-i2p/go-i2p-bt/rpc/queue_manager.go:363.52,364.41 1 0
github.com/go-i2p/go-i2p-bt/rpc/queue_manager.go:364.41,365.54 1 0
github.com/go-i2p/go-i2p-bt/rpc/queue_manager.go:365.54,367.4 1 0
github.com/go-i2p/go-i2p-bt/rpc/queue_manager.go:373.47,376.2 2 1
github.com/go-i2p/go-i2p-bt/rpc/queue_manager.go:378.46,384.6 4 1
github.com/go-i2p/go-i2p-bt/rpc/queue_manager.go:384.6,385.10 1 1
github.com/go-i2p/go-i2p-bt/rpc/queue_manager.go:386.24,387.10 1 0
github.com/go-i2p/go-i2p-bt/rpc/queue_manager.go:388.19,389.22 1 0
github.com/go-i2p/go-i2p-bt/rpc/queue_manager.go:394.41,401.72 4 0
github.com/go-i2p/go-i2p-bt/rpc/queue_manager.go:401.72,403.3 1 0
github.com/go-i2p/go-i2p-bt/rpc/queue_manager.go:406.2,406.64 1 0
github.com/go-i2p/go-i2p-bt/rpc/queue_manager.go:406.64,408.3 1 0
github.com/go-i2p/go-i2p-bt/rpc/queue_manager.go:411.2,412.41 2 0
github.com/go-i2p/go-i2p-bt/rpc/queue_manager.go:412.41,414.3 1 0
github.com/go-i2p/go-i2p-bt/rpc/queue_manager.go:414.8,417.3 1 0
github.com/go-i2p/go-i2p-bt/rpc/queue_manager.go:418.2,418.34 1 0
github.com/go-i2p/go-i2p-bt/rpc/queue_manager.go:421.48,425.78 2 0
github.com/go-i2p/go-i2p-bt/rpc/queue_manager.go:425.78,437.35 6 0
github.com/go-i2p/go-i2p-bt/rpc/queue_manager.go:437.35,439.4 1 0
github.com/go-i2p/go-i2p-bt/rpc/queue_manager.go:442.2,442.40 1 0
github.com/go-i2p/go-i2p-bt/rpc/queue_manager.go:445.44,449.70 2 0
github.com/go-i2p/go-i2p-bt/rpc/queue_manager.go:449.70,461.35 6 0
github.com/go-i2p/go-i2p-bt/rpc/queue_manager.go:461.35,463.4 1 0
github.com/go-i2p/go-i2p-bt/rpc/queue_manager.go:466.2,466.36 1 0
github.com/go-i2p/go-i2p-bt/rpc/queue_manager.go:470.87,473.38 2 0
github.com/go-i2p/go-i2p-bt/rpc/queue_manager.go:473.38,474.22 1 0
github.com/go-i2p/go-i2p-bt/rpc/queue_manager.go:474.22,476.9 2 0
github.com/go-i2p/go-i2p-bt/rpc/queue_manager.go:480.2,480.22 1 0
github.com/go-i2p/go-i2p-bt/rpc/queue_manager.go:480.22,482.3 1 0
github.com/go-i2p/go-i2p-bt/rpc/queue_manager.go:485.2,486.21 2 0
github.com/go-i2p/go-i2p-bt/rpc/queue_manager.go:486.21,488.3 1 0
github.com/go-i2p/go-i2p-bt/rpc/queue_manager.go:489.2,489.29 1 0
github.com/go-i2p/go-i2p-bt/rpc/queue_manager.go:489.29,491.3 1 0
github.com/go-i2p/go-i2p-bt/rpc/queue_manager.go:494.2,494.38 1 0
github.com/go-i2p/go-i2p-bt/rpc/queue_manager.go:494.38,496.3 1 0
github.com/go-i2p/go-i2p-bt/rpc/queue_manager.go:499.2,508.12 5 0
github.com/go-i2p/go-i2p-bt/rpc/queue_manager.go:512.83,515.34 2 0
github.com/go-i2p/go-i2p-bt/rpc/queue_manager.go:515.34,516.22 1 0
github.com/go-i2p/go-i2p-bt/rpc/queue_manager.go:516.22,518.9 2 0
github.com/go-i2p/go-i2p-bt/rpc/queue_manager.go:522.2,522.22 1 0
github.com/go-i2p/go-i2p-bt/rpc/queue_manager.go:522.22,524.3 1 0
github.com/go-i2p/go-i2p-bt/rpc/queue_manager.go:527.2,528.21 2 0
github.com/go-i2p/go-i2p-bt/rpc/queue_manager.go:528.21,530.3 1 0
github.com/go-i2p/go-i2p-bt/rpc/queue_manager.go:531.2,531.29 1 0
github.com/go-i2p/go-i2p-bt/rpc/queue_manager.go:531.29,533.3 1 0
github.com/go-i2p/go-i2p-bt/rpc/queue_manager.go:536.2,536.38 1 0
github.com/go-i2p/go-i2p-bt/rpc/queue_manager.go:536.38,538.3 1 0
github.com/go-i2p/go-i2p-bt/rpc/queue_manager.go:541.2,550.12 5 0
github.com/go-i2p/go-i2p-bt/rpc/script_manager.go:64.40,70.2 1 1
github.com/go-i2p/go-i2p-bt/rpc/script_manager.go:73.85,77.2 3 1
github.com/go-i2p/go-i2p-bt/rpc/script_manager.go:81.94,85.19 3 1
github.com/go-i2p/go-i2p-bt/rpc/script_manager.go:85.19,88.3 2 0
github.com/go-i2p/go-i2p-bt/rpc/script_manager.go:91.2,91.25 1 1
github.com/go-i2p/go-i2p-bt/rpc/script_manager.go:91.25,93.3 1 0
github.com/go-i2p/go-i2p-bt/rpc/script_manager.go:96.2,96.31 1 1
github.com/go-i2p/go-i2p-bt/rpc/script_manager.go:96.31,98.3 1 0
github.com/go-i2p/go-i2p-bt/rpc/script_manager.go:100.2,100.29 1 1
github.com/go-i2p/go-i2p-bt/rpc/script_manager.go:104.91,109.2 4 0
github.com/go-i2p/go-i2p-bt/rpc/script_manager.go:113.92,118.57 4 0
github.com/go-i2p/go-i2p-bt/rpc/script_manager.go:118.57,120.3 1 0
github.com/go-i2p/go-i2p-bt/rpc/script_manager.go:123.2,123.63 1 0
github.com/go-i2p/go-i2p-bt/rpc/script_manager.go:123.63,125.3 1 0
github.com/go-i2p/go-i2p-bt/rpc/script_manager.go:128.2,134.22 4 0
github.com/go-i2p/go-i2p-bt/rpc/script_manager.go:134.22,136.30 2 0
github.com/go-i2p/go-i2p-bt/rpc/script_manager.go:136.30,137.56 1 0
github.com/go-i2p/go-i2p-bt/rpc/script_manager.go:137.56,139.5 1 0
github.com/go-i2p/go-i2p-bt/rpc/script_manager.go:141.3,142.48 1 0
github.com/go-i2p/go-i2p-bt/rpc/script_manager.go:145.2,154.22 6 0
github.com/go-i2p/go-i2p-bt/rpc/script_manager.go:154.22,155.17 1 0
github.com/go-i2p/go-i2p-bt/rpc/script_manager.go:155.17,158.4 1 0
github.com/go-i2p/go-i2p-bt/rpc/script_manager.go:158.9,161.4 1 0
github.com/go-i2p/go-i2p-bt/rpc/script_manager.go:164.2,164.16 1 0
github.com/go-i2p/go-i2p-bt/rpc/script_manager.go:164.16,166.3 1 0
github.com/go-i2p/go-i2p-bt/rpc/script_manager.go:168.2,168.12 1 0
github.com/go-i2p/go-i2p-bt/rpc/script_manager.go:172.68,173.20 1 0
github.com/go-i2p/go-i2p-bt/rpc/script_manager.go:173.20,175.3 1 0
github.com/go-i2p/go-i2p-bt/rpc/script_manager.go:178.2,179.16 2 0
github.com/go-i2p/go-i2p-bt/rpc/script_manager.go:179.16,181.3 1 0
github.com/go-i2p/go-i2p-bt/rpc/script_manager.go:184.2,185.16 2 0
github.com/go-i2p/go-i2p-bt/rpc/script_manager.go:185.16,186.25 1 0
github.com/go-i2p/go-i2p-bt/rpc/script_manager.go:186.25,188.4 1 0
github.com/go-i2p/go-i2p-bt/rpc/script_manager.go:189.3,189.59 1 0
github.com/go-i2p/go-i2p-bt/rpc/script_manager.go:193.2,193.30 1 0
github.com/go-i2p/go-i2p-bt/rpc/script_manager.go:193.30,195.3 1 0
github.com/go-i2p/go-i2p-bt/rpc/script_manager.go:198.2,198.27 1 0
github.com/go-i2p/go-i2p-bt/rpc/script_manager.go:198.27,200.3 1 0
github.com/go-i2p/go-i2p-bt/rpc/script_manager.go:202.2,202.12 1 0
github.com/go-i2p/go-i2p-bt/rpc/script_manager.go:207.111,218.29 3 0
github.com/go-i2p/go-i2p-bt/rpc/script_manager.go:218.29,219.55 1 0
github.com/go-i2p/go-i2p-bt/rpc/script_manager.go:219.55,222.4 2 0
github.com/go-i2p/go-i2p-bt/rpc/script_manager.go:226.2,229.24 2 0
github.com/go-i2p/go-i2p-bt/rpc/script_manager.go:229.24,231.3 1 0
github.com/go-i2p/go-i2p-bt/rpc/script_manager.go:233.2,233.29 1 0
github.com/go-i2p/go-i2p-bt/rpc/script_manager.go:233.29,235.3 1 0
github.com/go-i2p/go-i2p-bt/rpc/script_manager.go:238.2,238.28 1 0
github.com/go-i2p/go-i2p-bt/rpc/script_manager.go:238.28,240.3 1 0
github.com/go-i2p/go-i2p-bt/rpc/script_manager.go:243.2,243.36 1 0
github.com/go-i2p/go-i2p-bt/rpc/script_manager.go:243.36,245.3 1 0
github.com/go-i2p/go-i2p-bt/rpc/script_manager.go:248.2,248.38 1 0
github.com/go-i2p/go-i2p-bt/rpc/script_manager.go:248.38,250.3 1 0
github.com/go-i2p/go-i2p-bt/rpc/script_manager.go:252.2,252.12 1 0
github.com/go-i2p/go-i2p-bt/rpc/script_manager.go:256.70,261.2 4 0
github.com/go-i2p/go-i2p-bt/rpc/script_manager.go:264.61,269.41 4 0
github.com/go-i2p/go-i2p-bt/rpc/script_manager.go:269.41,270.46 1 0
github.com/go-i2p/go-i2p-bt/rpc/script_manager.go:270.46,272.4 1 0
github.com/go-i2p/go-i2p-bt/rpc/script_manager.go:274.2,274.16 1 0
github.com/go-i2p/go-i2p-bt/rpc/script_manager.go:278.67,282.2 3 0
github.com/go-i2p/go-i2p-bt/rpc/script_manager.go:285.60,289.2 3 0
github.com/go-i2p/go-i2p-bt/rpc/server.go:76.54,77.34 1 1
github.com/go-i2p/go-i2p-bt/rpc/server.go:77.34,79.3 1 0
github.com/go-i2p/go-i2p-bt/rpc/server.go:81.2,81.28 1 1
github.com/go-i2p/go-i2p-bt/rpc/server.go:81.28,83.3 1 1
github.com/go-i2p/go-i2p-bt/rpc/server.go:85.2,85.29 1 1
github.com/go-i2p/go-i2p-bt/rpc/server.go:85.29,86.63 1 1
github.com/go-i2p/go-i2p-bt/rpc/server.go:86.64,88.4 0 0
github.com/go-i2p/go-i2p-bt/rpc/server.go:91.2,91.37 1 1
github.com/go-i2p/go-i2p-bt/rpc/server.go:91.37,93.3 1 1
github.com/go-i2p/go-i2p-bt/rpc/server.go:95.2,95.29 1 1
github.com/go-i2p/go-i2p-bt/rpc/server.go:95.29,97.3 1 1
github.com/go-i2p/go-i2p-bt/rpc/server.go:99.2,99.30 1 1
github.com/go-i2p/go-i2p-bt/rpc/server.go:99.30,101.3 1 1
github.com/go-i2p/go-i2p-bt/rpc/server.go:103.2,103.32 1 1
github.com/go-i2p/go-i2p-bt/rpc/server.go:103.32,105.3 1 1
github.com/go-i2p/go-i2p-bt/rpc/server.go:107.2,114.20 2 1
github.com/go-i2p/go-i2p-bt/rpc/server.go:118.68,126.27 3 0
github.com/go-i2p/go-i2p-bt/rpc/server.go:126.27,129.3 2 0
github.com/go-i2p/go-i2p-bt/rpc/server.go:132.2,132.34 1 0
github.com/go-i2p/go-i2p-bt/rpc/server.go:132.34,134.3 1 0
github.com/go-i2p/go-i2p-bt/rpc/server.go:137.2,138.9 2 0
github.com/go-i2p/go-i2p-bt/rpc/server.go:138.9,140.3 1 0
github.com/go-i2p/go-i2p-bt/rpc/server.go:143.2,143.48 1 0
github.com/go-i2p/go-i2p-bt/rpc/server.go:143.48,145.3 1 0
github.com/go-i2p/go-i2p-bt/rpc/server.go:148.2,148.35 1 0
github.com/go-i2p/go-i2p-bt/rpc/server.go:153.83,155.24 1 0
github.com/go-i2p/go-i2p-bt/rpc/server.go:155.24,158.3 2 0
github.com/go-i2p/go-i2p-bt/rpc/server.go:161.2,162.56 2 0
github.com/go-i2p/go-i2p-bt/rpc/server.go:162.56,165.3 2 0
github.com/go-i2p/go-i2p-bt/rpc/server.go:168.2,168.47 1 0
github.com/go-i2p/go-i2p-bt/rpc/server.go:168.47,171.3 2 0
github.com/go-i2p/go-i2p-bt/rpc/server.go:173.2,173.13 1 0
github.com/go-i2p/go-i2p-bt/rpc/server.go:178.91,181.16 2 0
github.com/go-i2p/go-i2p-bt/rpc/server.go:181.16,184.3 2 0
github.com/go-i2p/go-i2p-bt/rpc/server.go:187.2,188.54 2 0
github.com/go-i2p/go-i2p-bt/rpc/server.go:188.54,191.3 2 0
github.com/go-i2p/go-i2p-bt/rpc/server.go:194.2,194.29 1 0
github.com/go-i2p/go-i2p-bt/rpc/server.go:194.29,197.3 2 0
github.com/go-i2p/go-i2p-bt/rpc/server.go:199.2,199.22 1 0
github.com/go-i2p/go-i2p-bt/rpc/server.go:204.106,206.21 1 0
github.com/go-i2p/go-i2p-bt/rpc/server.go:206.21,209.3 2 0
github.com/go-i2p/go-i2p-bt/rpc/server.go:212.2,212.44 1 0
github.com/go-i2p/go-i2p-bt/rpc/server.go:212.44,213.30 1 0
github.com/go-i2p/go-i2p-bt/rpc/server.go:213.30,218.4 3 0
github.com/go-i2p/go-i2p-bt/rpc/server.go:221.2,221.13 1 0
github.com/go-i2p/go-i2p-bt/rpc/server.go:225.93,234.13 3 0
github.com/go-i2p/go-i2p-bt/rpc/server.go:234.13,241.3 3 0
github.com/go-i2p/go-i2p-bt/rpc/server.go:244.2,245.26 2 0
github.com/go-i2p/go-i2p-bt/rpc/server.go:245.26,247.17 2 0
github.com/go-i2p/go-i2p-bt/rpc/server.go:247.17,254.4 3 0
github.com/go-i2p/go-i2p-bt/rpc/server.go:255.3,255.23 1 0
github.com/go-i2p/go-i2p-bt/rpc/server.go:259.2,263.16 4 0
github.com/go-i2p/go-i2p-bt/rpc/server.go:263.16,264.40 1 0
github.com/go-i2p/go-i2p-bt/rpc/server.go:264.40,266.4 1 0
github.com/go-i2p/go-i2p-bt/rpc/server.go:266.9,271.4 1 0
github.com/go-i2p/go-i2p-bt/rpc/server.go:272.8,274.3 1 0
github.com/go-i2p/go-i2p-bt/rpc/server.go:277.2,277.48 1 0
github.com/go-i2p/go-i2p-bt/rpc/server.go:281.155,289.12 3 0
github.com/go-i2p/go-i2p-bt/rpc/server.go:289.12,292.3 2 0
github.com/go-i2p/go-i2p-bt/rpc/server.go:294.2,294.9 1 0
github.com/go-i2p/go-i2p-bt/rpc/server.go:295.20,299.4 1 0
github.com/go-i2p/go-i2p-bt/rpc/server.go:300.27,301.27 1 0
github.com/go-i2p/go-i2p-bt/rpc/server.go:306.50,307.56 1 1
github.com/go-i2p/go-i2p-bt/rpc/server.go:307.56,309.3 1 0
github.com/go-i2p/go-i2p-bt/rpc/server.go:311.2,312.9 2 1
github.com/go-i2p/go-i2p-bt/rpc/server.go:312.9,314.3 1 1
github.com/go-i2p/go-i2p-bt/rpc/server.go:316.2,316.71 1 1
github.com/go-i2p/go-i2p-bt/rpc/server.go:320.58,328.2 5 0
github.com/go-i2p/go-i2p-bt/rpc/server.go:331.60,344.2 2 0
github.com/go-i2p/go-i2p-bt/rpc/server.go:347.75,349.18 2 0
github.com/go-i2p/go-i2p-bt/rpc/server.go:349.18,351.3 1 0
github.com/go-i2p/go-i2p-bt/rpc/server.go:353.2,357.31 4 0
github.com/go-i2p/go-i2p-bt/rpc/server.go:357.31,359.3 1 0
github.com/go-i2p/go-i2p-bt/rpc/server.go:363.92,373.2 2 0
github.com/go-i2p/go-i2p-bt/rpc/server.go:376.88,380.56 3 0
github.com/go-i2p/go-i2p-bt/rpc/server.go:380.56,382.3 1 0
github.com/go-i2p/go-i2p-bt/rpc/server.go:386.37,392.2 4 0
github.com/go-i2p/go-i2p-bt/rpc/server.go:395.40,400.2 3 0
github.com/go-i2p/go-i2p-bt/rpc/server.go:403.52,410.2 1 0
github.com/go-i2p/go-i2p-bt/rpc/server.go:413.54,415.36 1 0
github.com/go-i2p/go-i2p-bt/rpc/server.go:415.36,417.3 1 0
github.com/go-i2p/go-i2p-bt/rpc/server.go:418.2,418.12 1 0
github.com/go-i2p/go-i2p-bt/rpc/server.go:424.33,427.44 2 1
github.com/go-i2p/go-i2p-bt/rpc/server.go:427.44,431.3 1 0
github.com/go-i2p/go-i2p-bt/rpc/server.go:434.2,434.61 1 1
github.com/go-i2p/go-i2p-bt/rpc/server.go:440.102,441.71 1 0
github.com/go-i2p/go-i2p-bt/rpc/server.go:441.71,451.3 5 0
github.com/go-i2p/go-i2p-bt/rpc/server.go:455.103,456.71 1 0
github.com/go-i2p/go-i2p-bt/rpc/server.go:456.71,457.16 1 0
github.com/go-i2p/go-i2p-bt/rpc/server.go:457.16,458.36 1 0
github.com/go-i2p/go-i2p-bt/rpc/server.go:458.36,472.5 5 0
github.com/go-i2p/go-i2p-bt/rpc/server.go:475.3,475.26 1 0
github.com/go-i2p/go-i2p-bt/rpc/server.go:480.78,488.71 2 0
github.com/go-i2p/go-i2p-bt/rpc/server.go:488.71,491.40 3 0
github.com/go-i2p/go-i2p-bt/rpc/server.go:491.40,494.4 2 0
github.com/go-i2p/go-i2p-bt/rpc/server.go:496.3,496.36 1 0
github.com/go-i2p/go-i2p-bt/rpc/server.go:496.36,510.4 6 0
github.com/go-i2p/go-i2p-bt/rpc/server.go:512.3,515.26 3 0
github.com/go-i2p/go-i2p-bt/rpc/server.go:525.49,528.2 2 0
github.com/go-i2p/go-i2p-bt/rpc/server.go:533.59,543.16 3 0
github.com/go-i2p/go-i2p-bt/rpc/server.go:543.16,545.3 1 0
github.com/go-i2p/go-i2p-bt/rpc/server.go:547.2,551.32 2 0
github.com/go-i2p/go-i2p-bt/rpc/server.go:555.81,565.16 3 0
github.com/go-i2p/go-i2p-bt/rpc/server.go:565.16,567.3 1 0
github.com/go-i2p/go-i2p-bt/rpc/server.go:569.2,575.32 2 0
github.com/go-i2p/go-i2p-bt/rpc/server.go:579.53,589.2 3 0
github.com/go-i2p/go-i2p-bt/rpc/torrent_manager.go:110.78,143.45 9 1
github.com/go-i2p/go-i2p-bt/rpc/torrent_manager.go:143.45,144.87 1 0
github.com/go-i2p/go-i2p-bt/rpc/torrent_manager.go:144.87,146.4 1 0
github.com/go-i2p/go-i2p-bt/rpc/torrent_manager.go:150.2,155.49 4 1
github.com/go-i2p/go-i2p-bt/rpc/torrent_manager.go:155.49,158.3 1 0
github.com/go-i2p/go-i2p-bt/rpc/torrent_manager.go:161.2,166.16 3 1
github.com/go-i2p/go-i2p-bt/rpc/torrent_manager.go:170.56,171.28 1 1
github.com/go-i2p/go-i2p-bt/rpc/torrent_manager.go:171.28,173.3 1 1
github.com/go-i2p/go-i2p-bt/rpc/torrent_manager.go:175.2,175.30 1 1
github.com/go-i2p/go-i2p-bt/rpc/torrent_manager.go:175.30,177.3 1 0
github.com/go-i2p/go-i2p-bt/rpc/torrent_manager.go:179.2,179.29 1 1
github.com/go-i2p/go-i2p-bt/rpc/torrent_manager.go:179.29,181.3 1 1
github.com/go-i2p/go-i2p-bt/rpc/torrent_manager.go:183.2,183.33 1 1
github.com/go-i2p/go-i2p-bt/rpc/torrent_manager.go:183.33,185.3 1 1
github.com/go-i2p/go-i2p-bt/rpc/torrent_manager.go:187.2,187.37 1 1
github.com/go-i2p/go-i2p-bt/rpc/torrent_manager.go:187.37,189.3 1 1
github.com/go-i2p/go-i2p-bt/rpc/torrent_manager.go:191.2,191.26 1 1
github.com/go-i2p/go-i2p-bt/rpc/torrent_manager.go:191.26,193.3 1 1
github.com/go-i2p/go-i2p-bt/rpc/torrent_manager.go:196.2,196.40 1 1
github.com/go-i2p/go-i2p-bt/rpc/torrent_manager.go:196.40,206.3 5 0
github.com/go-i2p/go-i2p-bt/rpc/torrent_manager.go:210.83,233.2 1 0
github.com/go-i2p/go-i2p-bt/rpc/torrent_manager.go:236.55,237.41 1 1
github.com/go-i2p/go-i2p-bt/rpc/torrent_manager.go:237.41,239.3 1 1
github.com/go-i2p/go-i2p-bt/rpc/torrent_manager.go:241.2,243.16 3 0
github.com/go-i2p/go-i2p-bt/rpc/torrent_manager.go:243.16,245.3 1 0
github.com/go-i2p/go-i2p-bt/rpc/torrent_manager.go:247.2,262.12 6 0
github.com/go-i2p/go-i2p-bt/rpc/torrent_manager.go:266.50,270.25 2 1
github.com/go-i2p/go-i2p-bt/rpc/torrent_manager.go:270.25,272.3 1 0
github.com/go-i2p/go-i2p-bt/rpc/torrent_manager.go:276.49,277.57 1 0
github.com/go-i2p/go-i2p-bt/rpc/torrent_manager.go:277.57,281.17 2 0
github.com/go-i2p/go-i2p-bt/rpc/torrent_manager.go:281.17,283.4 1 0
github.com/go-i2p/go-i2p-bt/rpc/torrent_manager.go:288.54,291.2 2 1
github.com/go-i2p/go-i2p-bt/rpc/torrent_manager.go:294.41,297.28 2 0
github.com/go-i2p/go-i2p-bt/rpc/torrent_manager.go:297.28,299.3 1 0
github.com/go-i2p/go-i2p-bt/rpc/torrent_manager.go:301.2,301.26 1 0
github.com/go-i2p/go-i2p-bt/rpc/torrent_manager.go:301.26,303.3 1 0
github.com/go-i2p/go-i2p-bt/rpc/torrent_manager.go:305.2,305.25 1 0
github.com/go-i2p/go-i2p-bt/rpc/torrent_manager.go:305.25,307.3 1 0
github.com/go-i2p/go-i2p-bt/rpc/torrent_manager.go:309.2,309.23 1 0
github.com/go-i2p/go-i2p-bt/rpc/torrent_manager.go:309.23,311.3 1 0
github.com/go-i2p/go-i2p-bt/rpc/torrent_manager.go:313.2,313.12 1 0
github.com/go-i2p/go-i2p-bt/rpc/torrent_manager.go:317.71,320.2 1 0
github.com/go-i2p/go-i2p-bt/rpc/torrent_manager.go:323.72,330.38 4 0
github.com/go-i2p/go-i2p-bt/rpc/torrent_manager.go:330.38,331.47 1 0
github.com/go-i2p/go-i2p-bt/rpc/torrent_manager.go:331.47,333.49 1 0
github.com/go-i2p/go-i2p-bt/rpc/torrent_manager.go:333.49,336.5 1 0
github.com/go-i2p/go-i2p-bt/rpc/torrent_manager.go:337.4,337.9 1 0
github.com/go-i2p/go-i2p-bt/rpc/torrent_manager.go:343.84,348.50 3 0
github.com/go-i2p/go-i2p-bt/rpc/torrent_manager.go:348.50,350.3 1 0
github.com/go-i2p/go-i2p-bt/rpc/torrent_manager.go:353.2,354.16 2 0
github.com/go-i2p/go-i2p-bt/rpc/torrent_manager.go:354.16,356.3 1 0
github.com/go-i2p/go-i2p-bt/rpc/torrent_manager.go:359.2,359.68 1 0
github.com/go-i2p/go-i2p-bt/rpc/torrent_manager.go:359.68,361.3 1 0
github.com/go-i2p/go-i2p-bt/rpc/torrent_manager.go:364.2,370.21 3 0
github.com/go-i2p/go-i2p-bt/rpc/torrent_manager.go:370.21,371.71 1 0
github.com/go-i2p/go-i2p-bt/rpc/torrent_manager.go:371.71,373.4 1 0
github.com/go-i2p/go-i2p-bt/rpc/torrent_manager.go:377.2,380.12 2 0
github.com/go-i2p/go-i2p-bt/rpc/torrent_manager.go:380.12,381.92 1 0
github.com/go-i2p/go-i2p-bt/rpc/torrent_manager.go:381.92,383.4 1 0
github.com/go-i2p/go-i2p-bt/rpc/torrent_manager.go:387.2,391.26 3 0
github.com/go-i2p/go-i2p-bt/rpc/torrent_manager.go:395.56,396.47 1 0
github.com/go-i2p/go-i2p-bt/rpc/torrent_manager.go:396.47,398.3 1 0
github.com/go-i2p/go-i2p-bt/rpc/torrent_manager.go:399.2,399.12 1 0
github.com/go-i2p/go-i2p-bt/rpc/torrent_manager.go:403.116,404.24 1 0
github.com/go-i2p/go-i2p-bt/rpc/torrent_manager.go:404.24,406.3 1 0
github.com/go-i2p/go-i2p-bt/rpc/torrent_manager.go:406.8,406.31 1 0
github.com/go-i2p/go-i2p-bt/rpc/torrent_manager.go:406.31,408.3 1 0
github.com/go-i2p/go-i2p-bt/rpc/torrent_manager.go:408.8,410.3 1 0
github.com/go-i2p/go-i2p-bt/rpc/torrent_manager.go:414.109,417.16 2 0
github.com/go-i2p/go-i2p-bt/rpc/torrent_manager.go:417.16,419.3 1 0
github.com/go-i2p/go-i2p-bt/rpc/torrent_manager.go:422.2,424.16 3 0
github.com/go-i2p/go-i2p-bt/rpc/torrent_manager.go:424.16,426.3 1 0
github.com/go-i2p/go-i2p-bt/rpc/torrent_manager.go:428.2,429.33 2 0
github.com/go-i2p/go-i2p-bt/rpc/torrent_manager.go:433.103,436.16 2 0
github.com/go-i2p/go-i2p-bt/rpc/torrent_manager.go:436.16,438.3 1 0
github.com/go-i2p/go-i2p-bt/rpc/torrent_manager.go:441.2,441.34 1 0
github.com/go-i2p/go-i2p-bt/rpc/torrent_manager.go:445.86,446.39 1 0
github.com/go-i2p/go-i2p-bt/rpc/torrent_manager.go:446.39,447.36 1 0
github.com/go-i2p/go-i2p-bt/rpc/torrent_manager.go:447.36,449.4 1 0
github.com/go-i2p/go-i2p-bt/rpc/torrent_manager.go:451.2,451.12 1 0
github.com/go-i2p/go-i2p-bt/rpc/torrent_manager.go:456.99,458.24 1 0
github.com/go-i2p/go-i2p-bt/rpc/torrent_manager.go:458.24,460.3 1 0
github.com/go-i2p/go-i2p-bt/rpc/torrent_manager.go:463.2,463.98 1 0
github.com/go-i2p/go-i2p-bt/rpc/torrent_manager.go:463.98,465.3 1 0
github.com/go-i2p/go-i2p-bt/rpc/torrent_manager.go:468.2,468.37 1 0
github.com/go-i2p/go-i2p-bt/rpc/torrent_manager.go:471.136,490.2 4 0
github.com/go-i2p/go-i2p-bt/rpc/torrent_manager.go:493.105,494.12 1 0
github.com/go-i2p/go-i2p-bt/rpc/torrent_manager.go:494.12,496.3 1 0
github.com/go-i2p/go-i2p-bt/rpc/torrent_manager.go:496.8,497.18 1 0
github.com/go-i2p/go-i2p-bt/rpc/torrent_manager.go:497.18,499.4 1 0
github.com/go-i2p/go-i2p-bt/rpc/torrent_manager.go:499.9,501.4 1 0
github.com/go-i2p/go-i2p-bt/rpc/torrent_manager.go:506.109,508.16 2 0
github.com/go-i2p/go-i2p-bt/rpc/torrent_manager.go:508.16,510.3 1 0
github.com/go-i2p/go-i2p-bt/rpc/torrent_manager.go:512.2,516.12 4 0
github.com/go-i2p/go-i2p-bt/rpc/torrent_manager.go:520.91,525.2 4 0
github.com/go-i2p/go-i2p-bt/rpc/torrent_manager.go:528.92,529.34 1 0
github.com/go-i2p/go-i2p-bt/rpc/torrent_manager.go:529.34,539.3 3 0
github.com/go-i2p/go-i2p-bt/rpc/torrent_manager.go:543.103,545.37 2 0
github.com/go-i2p/go-i2p-bt/rpc/torrent_manager.go:545.37,547.3 1 0
github.com/go-i2p/go-i2p-bt/rpc/torrent_manager.go:551.102,552.52 1 0
github.com/go-i2p/go-i2p-bt/rpc/torrent_manager.go:552.52,554.3 1 0
github.com/go-i2p/go-i2p-bt/rpc/torrent_manager.go:554.8,554.24 1 0
github.com/go-i2p/go-i2p-bt/rpc/torrent_manager.go:554.24,557.3 1 0
github.com/go-i2p/go-i2p-bt/rpc/torrent_manager.go:561.71,566.13 4 0
github.com/go-i2p/go-i2p-bt/rpc/torrent_manager.go:566.13,568.3 1 0
github.com/go-i2p/go-i2p-bt/rpc/torrent_manager.go:570.2,570.21 1 0
github.com/go-i2p/go-i2p-bt/rpc/torrent_manager.go:574.80,578.38 3 0
github.com/go-i2p/go-i2p-bt/rpc/torrent_manager.go:578.38,579.43 1 0
github.com/go-i2p/go-i2p-bt/rpc/torrent_manager.go:579.43,581.4 1 0
github.com/go-i2p/go-i2p-bt/rpc/torrent_manager.go:584.2,584.64 1 0
github.com/go-i2p/go-i2p-bt/rpc/torrent_manager.go:588.60,593.38 4 0
github.com/go-i2p/go-i2p-bt/rpc/torrent_manager.go:593.38,595.3 1 0
github.com/go-i2p/go-i2p-bt/rpc/torrent_manager.go:597.2,597.17 1 0
github.com/go-i2p/go-i2p-bt/rpc/torrent_manager.go:601.56,606.13 4 0
github.com/go-i2p/go-i2p-bt/rpc/torrent_manager.go:606.13,608.3 1 0
github.com/go-i2p/go-i2p-bt/rpc/torrent_manager.go:610.2,610.90 1 0
github.com/go-i2p/go-i2p-bt/rpc/torrent_manager.go:610.90,612.3 1 0
github.com/go-i2p/go-i2p-bt/rpc/torrent_manager.go:615.2,616.32 2 0
github.com/go-i2p/go-i2p-bt/rpc/torrent_manager.go:616.32,620.3 2 0
github.com/go-i2p/go-i2p-bt/rpc/torrent_manager.go:620.8,624.3 2 0
github.com/go-i2p/go-i2p-bt/rpc/torrent_manager.go:627.2,627.69 1 0
github.com/go-i2p/go-i2p-bt/rpc/torrent_manager.go:627.69,629.3 1 0
github.com/go-i2p/go-i2p-bt/rpc/torrent_manager.go:631.2,631.12 1 0
github.com/go-i2p/go-i2p-bt/rpc/torrent_manager.go:636.59,641.13 4 0
github.com/go-i2p/go-i2p-bt/rpc/torrent_manager.go:641.13,643.3 1 0
github.com/go-i2p/go-i2p-bt/rpc/torrent_manager.go:646.2,646.90 1 0
github.com/go-i2p/go-i2p-bt/rpc/torrent_manager.go:646.90,648.3 1 0
github.com/go-i2p/go-i2p-bt/rpc/torrent_manager.go:651.2,652.32 2 0
github.com/go-i2p/go-i2p-bt/rpc/torrent_manager.go:652.32,655.3 2 0
github.com/go-i2p/go-i2p-bt/rpc/torrent_manager.go:655.8,658.3 2 0
github.com/go-i2p/go-i2p-bt/rpc/torrent_manager.go:660.2,668.12 4 0
github.com/go-i2p/go-i2p-bt/rpc/torrent_manager.go:672.55,677.13 4 0
github.com/go-i2p/go-i2p-bt/rpc/torrent_manager.go:677.13,679.3 1 0
github.com/go-i2p/go-i2p-bt/rpc/torrent_manager.go:682.2,688.12 3 0
github.com/go-i2p/go-i2p-bt/rpc/torrent_manager.go:692.74,697.13 4 0
github.com/go-i2p/go-i2p-bt/rpc/torrent_manager.go:697.13,699.3 1 0
github.com/go-i2p/go-i2p-bt/rpc/torrent_manager.go:702.2,714.12 5 0
github.com/go-i2p/go-i2p-bt/rpc/torrent_manager.go:718.67,727.2 5 0
github.com/go-i2p/go-i2p-bt/rpc/torrent_manager.go:730.82,735.53 3 0
github.com/go-i2p/go-i2p-bt/rpc/torrent_manager.go:735.53,737.3 1 0
github.com/go-i2p/go-i2p-bt/rpc/torrent_manager.go:739.2,739.32 1 0
github.com/go-i2p/go-i2p-bt/rpc/torrent_manager.go:739.32,741.3 1 0
github.com/go-i2p/go-i2p-bt/rpc/torrent_manager.go:743.2,743.36 1 0
github.com/go-i2p/go-i2p-bt/rpc/torrent_manager.go:743.36,745.3 1 0
github.com/go-i2p/go-i2p-bt/rpc/torrent_manager.go:747.2,747.34 1 0
github.com/go-i2p/go-i2p-bt/rpc/torrent_manager.go:747.34,749.3 1 0
github.com/go-i2p/go-i2p-bt/rpc/torrent_manager.go:751.2,751.30 1 0
github.com/go-i2p/go-i2p-bt/rpc/torrent_manager.go:751.30,753.3 1 0
github.com/go-i2p/go-i2p-bt/rpc/torrent_manager.go:756.2,756.30 1 0
github.com/go-i2p/go-i2p-bt/rpc/torrent_manager.go:756.30,757.77 1 0
github.com/go-i2p/go-i2p-bt/rpc/torrent_manager.go:757.77,759.4 1 0
github.com/go-i2p/go-i2p-bt/rpc/torrent_manager.go:763.2,763.63 1 0
github.com/go-i2p/go-i2p-bt/rpc/torrent_manager.go:763.63,764.79 1 0
github.com/go-i2p/go-i2p-bt/rpc/torrent_manager.go:764.79,766.4 1 0
github.com/go-i2p/go-i2p-bt/rpc/torrent_manager.go:770.2,774.72 3 0
github.com/go-i2p/go-i2p-bt/rpc/torrent_manager.go:774.72,778.3 2 0
github.com/go-i2p/go-i2p-bt/rpc/torrent_manager.go:780.2,780.12 1 0
github.com/go-i2p/go-i2p-bt/rpc/torrent_manager.go:784.82,786.48 1 0
github.com/go-i2p/go-i2p-bt/rpc/torrent_manager.go:786.48,787.25 1 0
github.com/go-i2p/go-i2p-bt/rpc/torrent_manager.go:787.25,789.57 1 0
github.com/go-i2p/go-i2p-bt/rpc/torrent_manager.go:789.57,791.5 1 0
github.com/go-i2p/go-i2p-bt/rpc/torrent_manager.go:792.9,794.4 1 0
github.com/go-i2p/go-i2p-bt/rpc/torrent_manager.go:798.2,798.51 1 0
github.com/go-i2p/go-i2p-bt/rpc/torrent_manager.go:798.51,800.3 1 0
github.com/go-i2p/go-i2p-bt/rpc/torrent_manager.go:800.8,800.26 1 0
github.com/go-i2p/go-i2p-bt/rpc/torrent_manager.go:800.26,802.3 1 0
github.com/go-i2p/go-i2p-bt/rpc/torrent_manager.go:805.2,806.50 2 0
github.com/go-i2p/go-i2p-bt/rpc/torrent_manager.go:806.50,808.3 1 0
github.com/go-i2p/go-i2p-bt/rpc/torrent_manager.go:808.8,811.3 2 0
github.com/go-i2p/go-i2p-bt/rpc/torrent_manager.go:813.2,813.12 1 0
github.com/go-i2p/go-i2p-bt/rpc/torrent_manager.go:817.102,822.54 1 0
github.com/go-i2p/go-i2p-bt/rpc/torrent_manager.go:822.54,824.64 1 0
github.com/go-i2p/go-i2p-bt/rpc/torrent_manager.go:824.64,826.4 1 0
github.com/go-i2p/go-i2p-bt/rpc/torrent_manager.go:830.2,830.83 1 0
github.com/go-i2p/go-i2p-bt/rpc/torrent_manager.go:830.83,831.75 1 0
github.com/go-i2p/go-i2p-bt/rpc/torrent_manager.go:831.75,833.4 1 0
github.com/go-i2p/go-i2p-bt/rpc/torrent_manager.go:837.2,838.68 1 0
github.com/go-i2p/go-i2p-bt/rpc/torrent_manager.go:838.68,839.83 1 0
github.com/go-i2p/go-i2p-bt/rpc/torrent_manager.go:839.83,841.4 1 0
github.com/go-i2p/go-i2p-bt/rpc/torrent_manager.go:845.2,846.66 1 0
github.com/go-i2p/go-i2p-bt/rpc/torrent_manager.go:846.66,848.3 1 0
github.com/go-i2p/go-i2p-bt/rpc/torrent_manager.go:851.2,854.66 1 0
github.com/go-i2p/go-i2p-bt/rpc/torrent_manager.go:854.66,856.3 1 0
github.com/go-i2p/go-i2p-bt/rpc/torrent_manager.go:859.2,860.52 1 0
github.com/go-i2p/go-i2p-bt/rpc/torrent_manager.go:860.52,861.68 1 0
github.com/go-i2p/go-i2p-bt/rpc/torrent_manager.go:861.68,863.4 1 0
github.com/go-i2p/go-i2p-bt/rpc/torrent_manager.go:867.2,868.78 1 0
github.com/go-i2p/go-i2p-bt/rpc/torrent_manager.go:868.78,870.3 1 0
github.com/go-i2p/go-i2p-bt/rpc/torrent_manager.go:872.2,872.12 1 0
github.com/go-i2p/go-i2p-bt/rpc/torrent_manager.go:876.87,886.34 7 0
github.com/go-i2p/go-i2p-bt/rpc/torrent_manager.go:886.34,889.56 3 0
github.com/go-i2p/go-i2p-bt/rpc/torrent_manager.go:889.56,891.4 1 0
github.com/go-i2p/go-i2p-bt/rpc/torrent_manager.go:892.3,894.44 2 0
github.com/go-i2p/go-i2p-bt/rpc/torrent_manager.go:894.44,897.4 2 0
github.com/go-i2p/go-i2p-bt/rpc/torrent_manager.go:900.2,900.30 1 0
github.com/go-i2p/go-i2p-bt/rpc/torrent_manager.go:900.30,903.52 3 0
github.com/go-i2p/go-i2p-bt/rpc/torrent_manager.go:903.52,905.4 1 0
github.com/go-i2p/go-i2p-bt/rpc/torrent_manager.go:906.3,908.44 2 0
github.com/go-i2p/go-i2p-bt/rpc/torrent_manager.go:908.44,911.4 2 0
github.com/go-i2p/go-i2p-bt/rpc/torrent_manager.go:914.2,914.12 1 0
github.com/go-i2p/go-i2p-bt/rpc/torrent_manager.go:918.72,930.2 5 0
github.com/go-i2p/go-i2p-bt/rpc/torrent_manager.go:933.73,944.2 3 0
github.com/go-i2p/go-i2p-bt/rpc/torrent_manager.go:947.74,956.2 3 0
github.com/go-i2p/go-i2p-bt/rpc/torrent_manager.go:959.91,964.31 2 0
github.com/go-i2p/go-i2p-bt/rpc/torrent_manager.go:964.31,965.73 1 0
github.com/go-i2p/go-i2p-bt/rpc/torrent_manager.go:965.73,967.4 1 0
github.com/go-i2p/go-i2p-bt/rpc/torrent_manager.go:970.2,973.12 2 0
github.com/go-i2p/go-i2p-bt/rpc/torrent_manager.go:977.82,990.2 2 1
github.com/go-i2p/go-i2p-bt/rpc/torrent_manager.go:993.109,1002.36 5 0
github.com/go-i2p/go-i2p-bt/rpc/torrent_manager.go:1002.36,1004.3 1 0
github.com/go-i2p/go-i2p-bt/rpc/torrent_manager.go:1004.8,1006.3 1 0
github.com/go-i2p/go-i2p-bt/rpc/torrent_manager.go:1013.2,1013.12 1 0
github.com/go-i2p/go-i2p-bt/rpc/torrent_manager.go:1019.83,1024.13 4 0
github.com/go-i2p/go-i2p-bt/rpc/torrent_manager.go:1024.13,1026.3 1 0
github.com/go-i2p/go-i2p-bt/rpc/torrent_manager.go:1028.2,1028.55 1 0
github.com/go-i2p/go-i2p-bt/rpc/torrent_manager.go:1032.67,1034.2 1 0
github.com/go-i2p/go-i2p-bt/rpc/torrent_manager.go:1037.54,1039.2 1 0
github.com/go-i2p/go-i2p-bt/rpc/torrent_manager.go:1042.58,1044.2 1 0
github.com/go-i2p/go-i2p-bt/rpc/torrent_manager.go:1049.63,1053.29 2 0
github.com/go-i2p/go-i2p-bt/rpc/torrent_manager.go:1053.29,1058.26 3 0
github.com/go-i2p/go-i2p-bt/rpc/torrent_manager.go:1058.26,1060.4 1 0
github.com/go-i2p/go-i2p-bt/rpc/torrent_manager.go:1060.9,1062.4 1 0
github.com/go-i2p/go-i2p-bt/rpc/torrent_manager.go:1064.3,1064.9 1 0
github.com/go-i2p/go-i2p-bt/rpc/torrent_manager.go:1068.2,1072.34 3 0
github.com/go-i2p/go-i2p-bt/rpc/torrent_manager.go:1072.34,1074.3 1 0
github.com/go-i2p/go-i2p-bt/rpc/torrent_manager.go:1077.2,1077.25 1 0
github.com/go-i2p/go-i2p-bt/rpc/torrent_manager.go:1077.25,1079.3 1 0
github.com/go-i2p/go-i2p-bt/rpc/torrent_manager.go:1083.66,1087.66 2 0
github.com/go-i2p/go-i2p-bt/rpc/torrent_manager.go:1087.66,1088.23 1 0
github.com/go-i2p/go-i2p-bt/rpc/torrent_manager.go:1088.23,1091.4 2 0
github.com/go-i2p/go-i2p-bt/rpc/torrent_manager.go:1093.3,1093.21 1 0
github.com/go-i2p/go-i2p-bt/rpc/torrent_manager.go:1093.21,1096.4 2 0
github.com/go-i2p/go-i2p-bt/rpc/torrent_manager.go:1098.3,1098.28 1 0
github.com/go-i2p/go-i2p-bt/rpc/torrent_manager.go:1098.28,1102.31 2 0
github.com/go-i2p/go-i2p-bt/rpc/torrent_manager.go:1102.31,1103.39 1 0
github.com/go-i2p/go-i2p-bt/rpc/torrent_manager.go:1103.39,1104.44 1 0
github.com/go-i2p/go-i2p-bt/rpc/torrent_manager.go:1104.44,1106.7 1 0
github.com/go-i2p/go-i2p-bt/rpc/torrent_manager.go:1108.10,1111.5 1 0
github.com/go-i2p/go-i2p-bt/rpc/torrent_manager.go:1112.9,1114.4 1 0
github.com/go-i2p/go-i2p-bt/rpc/torrent_manager.go:1119.97,1124.2 2 0
github.com/go-i2p/go-i2p-bt/rpc/torrent_manager.go:1127.69,1132.49 2 0
github.com/go-i2p/go-i2p-bt/rpc/torrent_manager.go:1132.49,1137.3 1 0
github.com/go-i2p/go-i2p-bt/rpc/torrent_manager.go:1141.95,1149.29 5 0
github.com/go-i2p/go-i2p-bt/rpc/torrent_manager.go:1149.29,1151.54 1 0
github.com/go-i2p/go-i2p-bt/rpc/torrent_manager.go:1151.54,1153.12 2 0
github.com/go-i2p/go-i2p-bt/rpc/torrent_manager.go:1157.3,1158.23 2 0
github.com/go-i2p/go-i2p-bt/rpc/torrent_manager.go:1158.23,1159.12 1 0
github.com/go-i2p/go-i2p-bt/rpc/torrent_manager.go:1162.3,1168.26 3 0
github.com/go-i2p/go-i2p-bt/rpc/torrent_manager.go:1170.2,1171.41 2 0
github.com/go-i2p/go-i2p-bt/rpc/torrent_manager.go:1171.41,1174.3 2 0
github.com/go-i2p/go-i2p-bt/rpc/torrent_manager.go:1176.2,1176.35 1 0
github.com/go-i2p/go-i2p-bt/rpc/torrent_manager.go:1176.35,1178.26 2 0
github.com/go-i2p/go-i2p-bt/rpc/torrent_manager.go:1178.26,1180.4 1 0
github.com/go-i2p/go-i2p-bt/rpc/torrent_manager.go:1183.2,1184.52 1 0
github.com/go-i2p/go-i2p-bt/rpc/torrent_manager.go:1188.56,1189.6 1 1
github.com/go-i2p/go-i2p-bt/rpc/torrent_manager.go:1189.6,1190.10 1 1
github.com/go-i2p/go-i2p-bt/rpc/torrent_manager.go:1191.24,1192.10 1 0
github.com/go-i2p/go-i2p-bt/rpc/torrent_manager.go:1193.47,1194.41 1 0
github.com/go-i2p/go-i2p-bt/rpc/torrent_manager.go:1200.89,1205.20 4 0
github.com/go-i2p/go-i2p-bt/rpc/torrent_manager.go:1205.20,1208.3 2 0
github.com/go-i2p/go-i2p-bt/rpc/torrent_manager.go:1210.2,1211.16 2 0
github.com/go-i2p/go-i2p-bt/rpc/torrent_manager.go:1211.16,1214.3 2 0
github.com/go-i2p/go-i2p-bt/rpc/torrent_manager.go:1216.2,1218.77 2 0
github.com/go-i2p/go-i2p-bt/rpc/torrent_manager.go:1218.77,1221.3 2 0
github.com/go-i2p/go-i2p-bt/rpc/torrent_manager.go:1223.2,1223.42 1 0
github.com/go-i2p/go-i2p-bt/rpc/torrent_manager.go:1227.87,1228.32 1 0
github.com/go-i2p/go-i2p-bt/rpc/torrent_manager.go:1228.32,1229.29 1 0
github.com/go-i2p/go-i2p-bt/rpc/torrent_manager.go:1229.29,1231.4 1 0
github.com/go-i2p/go-i2p-bt/rpc/torrent_manager.go:1233.2,1233.12 1 0
github.com/go-i2p/go-i2p-bt/rpc/torrent_manager.go:1237.117,1239.85 2 0
github.com/go-i2p/go-i2p-bt/rpc/torrent_manager.go:1239.85,1241.3 1 0
github.com/go-i2p/go-i2p-bt/rpc/torrent_manager.go:1243.2,1243.65 1 0
github.com/go-i2p/go-i2p-bt/rpc/torrent_manager.go:1243.65,1245.3 1 0
github.com/go-i2p/go-i2p-bt/rpc/torrent_manager.go:1247.2,1247.23 1 0
github.com/go-i2p/go-i2p-bt/rpc/torrent_manager.go:1251.116,1253.16 2 0
github.com/go-i2p/go-i2p-bt/rpc/torrent_manager.go:1253.16,1255.3 1 0
github.com/go-i2p/go-i2p-bt/rpc/torrent_manager.go:1257.2,1262.34 5 0
github.com/go-i2p/go-i2p-bt/rpc/torrent_manager.go:1262.34,1272.3 3 0
github.com/go-i2p/go-i2p-bt/rpc/torrent_manager.go:1274.2,1274.12 1 0
github.com/go-i2p/go-i2p-bt/rpc/torrent_manager.go:1278.79,1282.2 3 0
github.com/go-i2p/go-i2p-bt/rpc/torrent_manager.go:1285.48,1289.6 3 1
github.com/go-i2p/go-i2p-bt/rpc/torrent_manager.go:1289.6,1290.10 1 1
github.com/go-i2p/go-i2p-bt/rpc/torrent_manager.go:1291.24,1292.10 1 0
github.com/go-i2p/go-i2p-bt/rpc/torrent_manager.go:1293.19,1294.20 1 0
github.com/go-i2p/go-i2p-bt/rpc/torrent_manager.go:1300.41,1306.38 4 0
github.com/go-i2p/go-i2p-bt/rpc/torrent_manager.go:1306.38,1308.3 1 0
github.com/go-i2p/go-i2p-bt/rpc/torrent_manager.go:1313.89,1318.2 4 0
github.com/go-i2p/go-i2p-bt/rpc/torrent_manager.go:1321.85,1322.39 1 0
github.com/go-i2p/go-i2p-bt/rpc/torrent_manager.go:1322.39,1324.20 2 0
github.com/go-i2p/go-i2p-bt/rpc/torrent_manager.go:1324.20,1330.4 4 0
github.com/go-i2p/go-i2p-bt/rpc/torrent_manager.go:1335.86,1339.2 3 0
github.com/go-i2p/go-i2p-bt/rpc/torrent_manager.go:1342.77,1343.29 1 0
github.com/go-i2p/go-i2p-bt/rpc/torrent_manager.go:1343.29,1345.17 2 0
github.com/go-i2p/go-i2p-bt/rpc/torrent_manager.go:1345.17,1347.21 2 0
github.com/go-i2p/go-i2p-bt/rpc/torrent_manager.go:1347.21,1349.34 2 0
github.com/go-i2p/go-i2p-bt/rpc/torrent_manager.go:1349.34,1351.6 1 0
github.com/go-i2p/go-i2p-bt/rpc/torrent_manager.go:1352.5,1353.25 2 0
github.com/go-i2p/go-i2p-bt/rpc/torrent_manager.go:1353.25,1355.6 1 0
github.com/go-i2p/go-i2p-bt/rpc/torrent_manager.go:1359.4,1361.66 3 0
github.com/go-i2p/go-i2p-bt/rpc/torrent_manager.go:1366.2,1367.40 2 0
github.com/go-i2p/go-i2p-bt/rpc/torrent_manager.go:1367.40,1370.13 2 0
github.com/go-i2p/go-i2p-bt/rpc/torrent_manager.go:1370.13,1371.87 1 0
github.com/go-i2p/go-i2p-bt/rpc/torrent_manager.go:1371.87,1373.5 1 0
github.com/go-i2p/go-i2p-bt/rpc/torrent_manager.go:1379.71,1385.2 5 0
github.com/go-i2p/go-i2p-bt/rpc/torrent_manager.go:1388.75,1389.29 1 0
github.com/go-i2p/go-i2p-bt/rpc/torrent_manager.go:1389.29,1391.3 1 0
github.com/go-i2p/go-i2p-bt/rpc/torrent_manager.go:1393.2,1394.16 2 0
github.com/go-i2p/go-i2p-bt/rpc/torrent_manager.go:1394.16,1396.3 1 0
github.com/go-i2p/go-i2p-bt/rpc/torrent_manager.go:1398.2,1398.27 1 0
github.com/go-i2p/go-i2p-bt/rpc/torrent_manager.go:1403.81,1404.57 1 0
github.com/go-i2p/go-i2p-bt/rpc/torrent_manager.go:1404.57,1406.3 1 0
github.com/go-i2p/go-i2p-bt/rpc/torrent_manager.go:1408.2,1409.16 2 0
github.com/go-i2p/go-i2p-bt/rpc/torrent_manager.go:1409.16,1411.3 1 0
github.com/go-i2p/go-i2p-bt/rpc/torrent_manager.go:1414.2,1415.58 2 0
github.com/go-i2p/go-i2p-bt/rpc/torrent_manager.go:1420.81,1421.56 1 0
github.com/go-i2p/go-i2p-bt/rpc/torrent_manager.go:1421.56,1423.3 1 0
github.com/go-i2p/go-i2p-bt/rpc/torrent_manager.go:1425.2,1426.16 2 0
github.com/go-i2p/go-i2p-bt/rpc/torrent_manager.go:1426.16,1428.3 1 0
github.com/go-i2p/go-i2p-bt/rpc/torrent_manager.go:1431.2,1432.27 2 0
github.com/go-i2p/go-i2p-bt/rpc/torrent_manager.go:1432.27,1435.3 1 0
github.com/go-i2p/go-i2p-bt/rpc/torrent_manager.go:1437.2,1437.10 1 0
github.com/go-i2p/go-i2p-bt/rpc/torrent_manager.go:1442.69,1444.23 1 0
github.com/go-i2p/go-i2p-bt/rpc/torrent_manager.go:1444.23,1446.3 1 0
github.com/go-i2p/go-i2p-bt/rpc/torrent_manager.go:1449.2,1449.31 1 0
github.com/go-i2p/go-i2p-bt/rpc/torrent_manager.go:1449.31,1451.3 1 0
github.com/go-i2p/go-i2p-bt/rpc/torrent_manager.go:1454.2,1454.44 1 0
github.com/go-i2p/go-i2p-bt/rpc/torrent_manager.go:1458.76,1462.2 1 0
github.com/go-i2p/go-i2p-bt/rpc/torrent_manager.go:1465.74,1466.77 1 0
github.com/go-i2p/go-i2p-bt/rpc/torrent_manager.go:1466.77,1468.3 1 0
github.com/go-i2p/go-i2p-bt/rpc/torrent_manager.go:1471.2,1472.19 2 0
github.com/go-i2p/go-i2p-bt/rpc/torrent_manager.go:1472.19,1475.3 1 0
github.com/go-i2p/go-i2p-bt/rpc/torrent_manager.go:1477.2,1477.10 1 0
github.com/go-i2p/go-i2p-bt/rpc/torrent_manager.go:1481.76,1482.71 1 0
github.com/go-i2p/go-i2p-bt/rpc/torrent_manager.go:1482.71,1484.3 1 0
github.com/go-i2p/go-i2p-bt/rpc/torrent_manager.go:1487.2,1488.19 2 0
github.com/go-i2p/go-i2p-bt/rpc/torrent_manager.go:1488.19,1491.3 1 0
github.com/go-i2p/go-i2p-bt/rpc/torrent_manager.go:1493.2,1493.10 1 0
github.com/go-i2p/go-i2p-bt/rpc/torrent_manager.go:1499.81,1500.19 1 0
github.com/go-i2p/go-i2p-bt/rpc/torrent_manager.go:1500.19,1506.31 4 0
github.com/go-i2p/go-i2p-bt/rpc/torrent_manager.go:1506.31,1508.4 1 0
github.com/go-i2p/go-i2p-bt/rpc/torrent_manager.go:1509.3,1509.21 1 0
github.com/go-i2p/go-i2p-bt/rpc/torrent_manager.go:1512.2,1514.25 2 0
github.com/go-i2p/go-i2p-bt/rpc/torrent_manager.go:1514.25,1515.25 1 0
github.com/go-i2p/go-i2p-bt/rpc/torrent_manager.go:1516.16,1518.37 1 0
github.com/go-i2p/go-i2p-bt/rpc/torrent_manager.go:1519.14,1520.30 1 0
github.com/go-i2p/go-i2p-bt/rpc/torrent_manager.go:1521.12,1522.37 1 0
github.com/go-i2p/go-i2p-bt/rpc/torrent_manager.go:1523.15,1524.30 1 0
github.com/go-i2p/go-i2p-bt/rpc/torrent_manager.go:1524.30,1528.5 2 0
github.com/go-i2p/go-i2p-bt/rpc/torrent_manager.go:1528.10,1531.19 2 0
github.com/go-i2p/go-i2p-bt/rpc/torrent_manager.go:1531.19,1533.6 1 0
github.com/go-i2p/go-i2p-bt/rpc/torrent_manager.go:1534.5,1534.40 1 0
github.com/go-i2p/go-i2p-bt/rpc/torrent_manager.go:1536.11,1537.61 1 0
github.com/go-i2p/go-i2p-bt/rpc/torrent_manager.go:1541.2,1541.20 1 0
github.com/go-i2p/go-i2p-bt/rpc/torrent_manager.go:1545.63,1552.38 5 0
github.com/go-i2p/go-i2p-bt/rpc/torrent_manager.go:1552.38,1555.91 1 0
github.com/go-i2p/go-i2p-bt/rpc/torrent_manager.go:1555.91,1557.4 1 0
github.com/go-i2p/go-i2p-bt/rpc/torrent_manager.go:1557.9,1557.76 1 0
github.com/go-i2p/go-i2p-bt/rpc/torrent_manager.go:1557.76,1559.4 1 0
github.com/go-i2p/go-i2p-bt/rpc/torrent_manager.go:1562.2,1562.15 1 0
github.com/go-i2p/go-i2p-bt/rpc/torrent_manager.go:1568.57,1573.13 4 0
github.com/go-i2p/go-i2p-bt/rpc/torrent_manager.go:1573.13,1575.3 1 0
github.com/go-i2p/go-i2p-bt/rpc/torrent_manager.go:1577.2,1577.29 1 0
github.com/go-i2p/go-i2p-bt/rpc/torrent_manager.go:1577.29,1579.3 1 0
github.com/go-i2p/go-i2p-bt/rpc/torrent_manager.go:1581.2,1585.12 4 0
github.com/go-i2p/go-i2p-bt/rpc/torrent_manager.go:1589.69,1591.16 2 0
github.com/go-i2p/go-i2p-bt/rpc/torrent_manager.go:1591.16,1595.3 3 0
github.com/go-i2p/go-i2p-bt/rpc/torrent_manager.go:1597.2,1605.35 6 0
github.com/go-i2p/go-i2p-bt/rpc/torrent_manager.go:1605.35,1608.17 3 0
github.com/go-i2p/go-i2p-bt/rpc/torrent_manager.go:1608.17,1610.12 2 0
github.com/go-i2p/go-i2p-bt/rpc/torrent_manager.go:1613.3,1614.15 2 0
github.com/go-i2p/go-i2p-bt/rpc/torrent_manager.go:1614.15,1617.4 2 0
github.com/go-i2p/go-i2p-bt/rpc/torrent_manager.go:1621.2,1630.35 6 0
github.com/go-i2p/go-i2p-bt/rpc/torrent_manager.go:1630.35,1633.3 2 0
github.com/go-i2p/go-i2p-bt/rpc/torrent_manager.go:1633.8,1633.31 1 0
github.com/go-i2p/go-i2p-bt/rpc/torrent_manager.go:1633.31,1639.3 2 0
github.com/go-i2p/go-i2p-bt/rpc/torrent_manager.go:1639.8,1642.3 2 0
github.com/go-i2p/go-i2p-bt/rpc/torrent_manager.go:1646.98,1649.16 2 0
github.com/go-i2p/go-i2p-bt/rpc/torrent_manager.go:1649.16,1651.3 1 0
github.com/go-i2p/go-i2p-bt/rpc/torrent_manager.go:1654.2,1658.16 3 0
github.com/go-i2p/go-i2p-bt/rpc/torrent_manager.go:1658.16,1660.3 1 0
github.com/go-i2p/go-i2p-bt/rpc/torrent_manager.go:1663.2,1663.43 1 0
github.com/go-i2p/go-i2p-bt/rpc/torrent_manager.go:1663.43,1665.3 1 0
github.com/go-i2p/go-i2p-bt/rpc/torrent_manager.go:1668.2,1671.50 3 0
github.com/go-i2p/go-i2p-bt/rpc/torrent_manager.go:1675.126,1677.16 2 0
github.com/go-i2p/go-i2p-bt/rpc/torrent_manager.go:1677.16,1679.3 1 0
github.com/go-i2p/go-i2p-bt/rpc/torrent_manager.go:1681.2,1689.34 6 0
github.com/go-i2p/go-i2p-bt/rpc/torrent_manager.go:1689.34,1693.75 3 0
github.com/go-i2p/go-i2p-bt/rpc/torrent_manager.go:1693.75,1695.12 2 0
github.com/go-i2p/go-i2p-bt/rpc/torrent_manager.go:1698.3,1698.67 1 0
github.com/go-i2p/go-i2p-bt/rpc/torrent_manager.go:1698.67,1699.9 1 0
github.com/go-i2p/go-i2p-bt/rpc/torrent_manager.go:1702.3,1705.17 3 0
github.com/go-i2p/go-i2p-bt/rpc/torrent_manager.go:1705.17,1707.4 1 0
github.com/go-i2p/go-i2p-bt/rpc/torrent_manager.go:1709.3,1711.28 3 0
github.com/go-i2p/go-i2p-bt/rpc/torrent_manager.go:1714.2,1714.34 1 0
github.com/go-i2p/go-i2p-bt/rpc/torrent_manager.go:1718.104,1720.2 1 0
github.com/go-i2p/go-i2p-bt/rpc/torrent_manager.go:1723.96,1725.2 1 0
github.com/go-i2p/go-i2p-bt/rpc/torrent_manager.go:1728.145,1730.33 2 0
github.com/go-i2p/go-i2p-bt/rpc/torrent_manager.go:1730.33,1732.3 1 0
github.com/go-i2p/go-i2p-bt/rpc/torrent_manager.go:1734.2,1736.52 3 0
github.com/go-i2p/go-i2p-bt/rpc/torrent_manager.go:1736.52,1738.3 1 0
github.com/go-i2p/go-i2p-bt/rpc/torrent_manager.go:1740.2,1740.37 1 0
github.com/go-i2p/go-i2p-bt/rpc/torrent_manager.go:1744.98,1746.16 2 0
github.com/go-i2p/go-i2p-bt/rpc/torrent_manager.go:1746.16,1748.3 1 0
github.com/go-i2p/go-i2p-bt/rpc/torrent_manager.go:1749.2,1751.59 2 0
github.com/go-i2p/go-i2p-bt/rpc/torrent_manager.go:1751.59,1753.3 1 0
github.com/go-i2p/go-i2p-bt/rpc/torrent_manager.go:1755.2,1757.46 3 0
github.com/go-i2p/go-i2p-bt/rpc/torrent_manager.go:1757.46,1759.3 1 0
github.com/go-i2p/go-i2p-bt/rpc/torrent_manager.go:1761.2,1761.22 1 0
github.com/go-i2p/go-i2p-bt/rpc/torrent_manager.go:1765.113,1768.34 2 0
github.com/go-i2p/go-i2p-bt/rpc/torrent_manager.go:1768.34,1774.32 4 0
github.com/go-i2p/go-i2p-bt/rpc/torrent_manager.go:1774.32,1777.4 1 0
github.com/go-i2p/go-i2p-bt/rpc/torrent_manager.go:1777.9,1777.40 1 0
github.com/go-i2p/go-i2p-bt/rpc/torrent_manager.go:1777.40,1780.4 1 0
github.com/go-i2p/go-i2p-bt/rpc/torrent_manager.go:1784.3,1784.29 1 0
github.com/go-i2p/go-i2p-bt/rpc/torrent_manager.go:1784.29,1786.4 1 0
github.com/go-i2p/go-i2p-bt/rpc/torrent_manager.go:1788.3,1788.31 1 0
github.com/go-i2p/go-i2p-bt/rpc/torrent_manager.go:1795.84,1798.13 3 0
github.com/go-i2p/go-i2p-bt/rpc/torrent_manager.go:1798.13,1802.3 3 0
github.com/go-i2p/go-i2p-bt/rpc/torrent_manager.go:1805.2,1805.19 1 0
github.com/go-i2p/go-i2p-bt/rpc/torrent_manager.go:1806.21,1807.48 1 0
github.com/go-i2p/go-i2p-bt/rpc/torrent_manager.go:1807.48,1812.4 3 0
github.com/go-i2p/go-i2p-bt/rpc/torrent_manager.go:1813.17,1814.48 1 0
github.com/go-i2p/go-i2p-bt/rpc/torrent_manager.go:1814.48,1819.4 3 0
github.com/go-i2p/go-i2p-bt/rpc/torrent_manager.go:1822.2,1822.16 1 0
github.com/go-i2p/go-i2p-bt/rpc/torrent_manager.go:1826.86,1829.13 3 0
github.com/go-i2p/go-i2p-bt/rpc/torrent_manager.go:1829.13,1833.3 3 0
github.com/go-i2p/go-i2p-bt/rpc/torrent_manager.go:1836.2,1836.19 1 0
github.com/go-i2p/go-i2p-bt/rpc/torrent_manager.go:1837.21,1838.49 1 0
github.com/go-i2p/go-i2p-bt/rpc/torrent_manager.go:1838.49,1841.4 2 0
github.com/go-i2p/go-i2p-bt/rpc/torrent_manager.go:1842.17,1843.45 1 0
github.com/go-i2p/go-i2p-bt/rpc/torrent_manager.go:1843.45,1846.4 2 0
github.com/go-i2p/go-i2p-bt/rpc/torrent_manager.go:1849.2,1849.16 1 0
github.com/go-i2p/go-i2p-bt/rpc/torrent_manager.go:1853.71,1857.2 2 0
github.com/go-i2p/go-i2p-bt/rpc/torrent_manager.go:1860.70,1868.2 4 0
github.com/go-i2p/go-i2p-bt/rpc/torrent_manager.go:1874.92,1876.2 1 0
github.com/go-i2p/go-i2p-bt/rpc/torrent_manager.go:1880.90,1882.2 1 0
github.com/go-i2p/go-i2p-bt/rpc/torrent_manager.go:1885.108,1887.2 1 0
github.com/go-i2p/go-i2p-bt/rpc/types.go:53.35,55.2 1 0
github.com/go-i2p/go-i2p-bt/rpc/types.go:548.49,563.2 2 0
github.com/go-i2p/go-i2p-bt/rpc/types.go:565.52,576.51 3 0
github.com/go-i2p/go-i2p-bt/rpc/types.go:576.51,578.3 1 0
github.com/go-i2p/go-i2p-bt/rpc/types.go:579.2,583.12 5 0
github.com/go-i2p/go-i2p-bt/rpc/web_handler.go:56.82,58.28 1 1
github.com/go-i2p/go-i2p-bt/rpc/web_handler.go:58.28,60.3 1 1
github.com/go-i2p/go-i2p-bt/rpc/web_handler.go:62.2,62.28 1 1
github.com/go-i2p/go-i2p-bt/rpc/web_handler.go:62.28,64.3 1 1
github.com/go-i2p/go-i2p-bt/rpc/web_handler.go:67.2,67.47 1 1
github.com/go-i2p/go-i2p-bt/rpc/web_handler.go:67.47,69.3 1 1
github.com/go-i2p/go-i2p-bt/rpc/web_handler.go:70.2,70.47 1 1
github.com/go-i2p/go-i2p-bt/rpc/web_handler.go:70.47,72.3 1 1
github.com/go-i2p/go-i2p-bt/rpc/web_handler.go:74.2,74.28 1 1
github.com/go-i2p/go-i2p-bt/rpc/web_handler.go:74.28,76.3 1 1
github.com/go-i2p/go-i2p-bt/rpc/web_handler.go:78.2,78.24 1 1
github.com/go-i2p/go-i2p-bt/rpc/web_handler.go:78.24,80.3 1 1
github.com/go-i2p/go-i2p-bt/rpc/web_handler.go:83.2,84.35 2 1
github.com/go-i2p/go-i2p-bt/rpc/web_handler.go:84.35,86.3 1 0
github.com/go-i2p/go-i2p-bt/rpc/web_handler.go:86.8,89.3 1 1
github.com/go-i2p/go-i2p-bt/rpc/web_handler.go:91.2,97.21 2 1
github.com/go-i2p/go-i2p-bt/rpc/web_handler.go:101.73,103.45 1 1
github.com/go-i2p/go-i2p-bt/rpc/web_handler.go:103.45,106.3 2 1
github.com/go-i2p/go-i2p-bt/rpc/web_handler.go:109.2,109.45 1 1
github.com/go-i2p/go-i2p-bt/rpc/web_handler.go:109.45,110.29 1 1
github.com/go-i2p/go-i2p-bt/rpc/web_handler.go:110.29,114.4 3 1
github.com/go-i2p/go-i2p-bt/rpc/web_handler.go:118.2,121.77 2 1
github.com/go-i2p/go-i2p-bt/rpc/web_handler.go:121.77,124.3 2 1
github.com/go-i2p/go-i2p-bt/rpc/web_handler.go:127.2,128.39 2 1
github.com/go-i2p/go-i2p-bt/rpc/web_handler.go:128.39,130.3 1 1
github.com/go-i2p/go-i2p-bt/rpc/web_handler.go:133.2,143.41 5 1
github.com/go-i2p/go-i2p-bt/rpc/web_handler.go:147.65,165.2 7 1
github.com/go-i2p/go-i2p-bt/rpc/web_handler.go:168.79,172.13 2 1
github.com/go-i2p/go-i2p-bt/rpc/web_handler.go:173.23,175.58 1 1
github.com/go-i2p/go-i2p-bt/rpc/web_handler.go:176.21,178.87 1 1
github.com/go-i2p/go-i2p-bt/rpc/web_handler.go:179.55,181.90 1 0
github.com/go-i2p/go-i2p-bt/rpc/web_handler.go:182.10,184.87 1 1
github.com/go-i2p/go-i2p-bt/rpc/web_handler.go:195.70,197.16 2 1
github.com/go-i2p/go-i2p-bt/rpc/web_handler.go:197.16,199.3 1 1
github.com/go-i2p/go-i2p-bt/rpc/web_handler.go:202.2,203.16 2 1
github.com/go-i2p/go-i2p-bt/rpc/web_handler.go:203.16,206.3 2 0
github.com/go-i2p/go-i2p-bt/rpc/web_handler.go:208.2,208.18 1 1
github.com/go-i2p/go-i2p-bt/rpc/web_handler.go:208.18,213.3 2 0
github.com/go-i2p/go-i2p-bt/rpc/web_handler.go:215.2,215.15 1 1
github.com/go-i2p/go-i2p-bt/rpc/web_handler.go:220.99,222.16 2 0
github.com/go-i2p/go-i2p-bt/rpc/web_handler.go:222.16,224.3 1 0
github.com/go-i2p/go-i2p-bt/rpc/web_handler.go:227.2,236.67 4 0
github.com/go-i2p/go-i2p-bt/rpc/web_handler.go:236.67,237.24 1 0
github.com/go-i2p/go-i2p-bt/rpc/web_handler.go:237.24,240.4 2 0
github.com/go-i2p/go-i2p-bt/rpc/web_handler.go:241.3,241.22 1 0
github.com/go-i2p/go-i2p-bt/rpc/web_handler.go:244.2,244.17 1 0
github.com/go-i2p/go-i2p-bt/rpc/web_handler.go:250.82,261.2 2 0
github.com/go-i2p/go-i2p-bt/rpc/web_handler.go:264.81,275.2 2 0
github.com/go-i2p/go-i2p-bt/rpc/web_handler.go:279.42,297.48 3 0
github.com/go-i2p/go-i2p-bt/rpc/web_handler.go:297.48,299.3 1 0
github.com/go-i2p/go-i2p-bt/rpc/web_handler.go:301.2,301.35 1 0
